Testing upstream vmecpp
======================

Removing existing upstream-vmecpp-test directory...
Cloning upstream repository...
Cloning into 'upstream-vmecpp-test'...

Checking out main branch...
Already on 'main'
Your branch is up to date with 'origin/main'.

Current upstream commit:
df63271 Execute python -m vmecpp as vmecpp from CLI (#354)

Uninstalling any existing vmecpp...
Found existing installation: vmecpp 0.4.5.dev79+g9ae312d.d20250716
Uninstalling vmecpp-0.4.5.dev79+g9ae312d.d20250716:
  Successfully uninstalled vmecpp-0.4.5.dev79+g9ae312d.d20250716

Copying scripts and configuration from local to upstream...
Copied setup-vmecpp.sh to upstream
Copied test-vmecpp.sh to upstream
Copied pyrightconfig.json to upstream

Running setup script...
Setting up vmecpp
=================

Checking Bazel installation...
Installing Bazel 7.4.1...
  % Total    % Received % Xferd  Average Speed   Time    Time     Time  Current
                                 Dload  Upload   Total   Spent    Left  Speed

  0     0    0     0    0     0      0      0 --:--:-- --:--:-- --:--:--     0
  0     0    0     0    0     0      0      0 --:--:-- --:--:-- --:--:--     0

  0     0    0     0    0     0      0      0 --:--:-- --:--:-- --:--:--     0

  0 5844k    0 39792    0     0  69591      0  0:01:25 --:--:--  0:01:25 69591
100 5844k  100 5844k    0     0  6647k      0 --:--:-- --:--:-- --:--:-- 18.4M
bazel 7.4.1
Bazel 7.4.1 installed to ~/.local/bin/bazel
Make sure ~/.local/bin is in your PATH

Cleaning previous build artifacts...
Installing vmecpp in editable mode with test dependencies...
Obtaining file:///home/ert/code/vmecpp/upstream-vmecpp-test
  Installing build dependencies: started
  Installing build dependencies: finished with status 'done'
  Checking if build backend supports build_editable: started
  Checking if build backend supports build_editable: finished with status 'done'
  Getting requirements to build editable: started
  Getting requirements to build editable: finished with status 'done'
  Installing backend dependencies: started
  Installing backend dependencies: finished with status 'done'
  Preparing editable metadata (pyproject.toml): started
  Preparing editable metadata (pyproject.toml): finished with status 'done'
Requirement already satisfied: netCDF4 in /home/ert/code/.venv/lib/python3.13/site-packages (from vmecpp==0.4.4) (1.7.2)
Requirement already satisfied: numpy in /home/ert/code/.venv/lib/python3.13/site-packages (from vmecpp==0.4.4) (2.3.1)
Requirement already satisfied: pydantic>=2.11 in /home/ert/code/.venv/lib/python3.13/site-packages (from vmecpp==0.4.4) (2.11.7)
Requirement already satisfied: jaxtyping>=0.2.6 in /home/ert/code/.venv/lib/python3.13/site-packages (from vmecpp==0.4.4) (0.3.2)
Requirement already satisfied: jax!=0.5.2 in /home/ert/code/.venv/lib/python3.13/site-packages (from vmecpp==0.4.4) (0.6.2)
Requirement already satisfied: simsopt>=1.8.1 in /home/ert/code/.venv/lib/python3.13/site-packages (from vmecpp==0.4.4) (1.10.0)
Requirement already satisfied: pytest in /home/ert/code/.venv/lib/python3.13/site-packages (from vmecpp==0.4.4) (8.3.5)
Requirement already satisfied: jaxlib<=0.6.2,>=0.6.2 in /home/ert/code/.venv/lib/python3.13/site-packages (from jax!=0.5.2->vmecpp==0.4.4) (0.6.2)
Requirement already satisfied: ml_dtypes>=0.5.0 in /home/ert/code/.venv/lib/python3.13/site-packages (from jax!=0.5.2->vmecpp==0.4.4) (0.5.1)
Requirement already satisfied: opt_einsum in /home/ert/code/.venv/lib/python3.13/site-packages (from jax!=0.5.2->vmecpp==0.4.4) (3.4.0)
Requirement already satisfied: scipy>=1.12 in /home/ert/code/.venv/lib/python3.13/site-packages (from jax!=0.5.2->vmecpp==0.4.4) (1.16.0)
Requirement already satisfied: wadler-lindig>=0.1.3 in /home/ert/code/.venv/lib/python3.13/site-packages (from jaxtyping>=0.2.6->vmecpp==0.4.4) (0.1.7)
Requirement already satisfied: annotated-types>=0.6.0 in /home/ert/code/.venv/lib/python3.13/site-packages (from pydantic>=2.11->vmecpp==0.4.4) (0.7.0)
Requirement already satisfied: pydantic-core==2.33.2 in /home/ert/code/.venv/lib/python3.13/site-packages (from pydantic>=2.11->vmecpp==0.4.4) (2.33.2)
Requirement already satisfied: typing-extensions>=4.12.2 in /home/ert/code/.venv/lib/python3.13/site-packages (from pydantic>=2.11->vmecpp==0.4.4) (4.14.1)
Requirement already satisfied: typing-inspection>=0.4.0 in /home/ert/code/.venv/lib/python3.13/site-packages (from pydantic>=2.11->vmecpp==0.4.4) (0.4.1)
Requirement already satisfied: Deprecated>=1.2.10 in /home/ert/code/.venv/lib/python3.13/site-packages (from simsopt>=1.8.1->vmecpp==0.4.4) (1.2.18)
Requirement already satisfied: monty>=2021.6.10 in /home/ert/code/.venv/lib/python3.13/site-packages (from simsopt>=1.8.1->vmecpp==0.4.4) (2025.3.3)
Requirement already satisfied: ruamel.yaml in /home/ert/code/.venv/lib/python3.13/site-packages (from simsopt>=1.8.1->vmecpp==0.4.4) (0.18.14)
Requirement already satisfied: sympy in /home/ert/code/.venv/lib/python3.13/site-packages (from simsopt>=1.8.1->vmecpp==0.4.4) (1.14.0)
Requirement already satisfied: f90nml in /home/ert/code/.venv/lib/python3.13/site-packages (from simsopt>=1.8.1->vmecpp==0.4.4) (1.4.5)
Requirement already satisfied: pyevtk in /home/ert/code/.venv/lib/python3.13/site-packages (from simsopt>=1.8.1->vmecpp==0.4.4) (1.6.0)
Requirement already satisfied: matplotlib in /home/ert/code/.venv/lib/python3.13/site-packages (from simsopt>=1.8.1->vmecpp==0.4.4) (3.10.3)
Requirement already satisfied: wrapt<2,>=1.10 in /home/ert/code/.venv/lib/python3.13/site-packages (from Deprecated>=1.2.10->simsopt>=1.8.1->vmecpp==0.4.4) (1.17.2)
Requirement already satisfied: contourpy>=1.0.1 in /home/ert/code/.venv/lib/python3.13/site-packages (from matplotlib->simsopt>=1.8.1->vmecpp==0.4.4) (1.3.2)
Requirement already satisfied: cycler>=0.10 in /home/ert/code/.venv/lib/python3.13/site-packages (from matplotlib->simsopt>=1.8.1->vmecpp==0.4.4) (0.12.1)
Requirement already satisfied: fonttools>=4.22.0 in /home/ert/code/.venv/lib/python3.13/site-packages (from matplotlib->simsopt>=1.8.1->vmecpp==0.4.4) (4.58.5)
Requirement already satisfied: kiwisolver>=1.3.1 in /home/ert/code/.venv/lib/python3.13/site-packages (from matplotlib->simsopt>=1.8.1->vmecpp==0.4.4) (1.4.8)
Requirement already satisfied: packaging>=20.0 in /home/ert/code/.venv/lib/python3.13/site-packages (from matplotlib->simsopt>=1.8.1->vmecpp==0.4.4) (25.0)
Requirement already satisfied: pillow>=8 in /home/ert/code/.venv/lib/python3.13/site-packages (from matplotlib->simsopt>=1.8.1->vmecpp==0.4.4) (11.3.0)
Requirement already satisfied: pyparsing>=2.3.1 in /home/ert/code/.venv/lib/python3.13/site-packages (from matplotlib->simsopt>=1.8.1->vmecpp==0.4.4) (3.2.3)
Requirement already satisfied: python-dateutil>=2.7 in /home/ert/code/.venv/lib/python3.13/site-packages (from matplotlib->simsopt>=1.8.1->vmecpp==0.4.4) (2.9.0.post0)
Requirement already satisfied: six>=1.5 in /home/ert/code/.venv/lib/python3.13/site-packages (from python-dateutil>=2.7->matplotlib->simsopt>=1.8.1->vmecpp==0.4.4) (1.17.0)
Requirement already satisfied: cftime in /home/ert/code/.venv/lib/python3.13/site-packages (from netCDF4->vmecpp==0.4.4) (1.6.4.post1)
Requirement already satisfied: certifi in /home/ert/code/.venv/lib/python3.13/site-packages (from netCDF4->vmecpp==0.4.4) (2025.7.14)
Requirement already satisfied: iniconfig in /home/ert/code/.venv/lib/python3.13/site-packages (from pytest->vmecpp==0.4.4) (2.1.0)
Requirement already satisfied: pluggy<2,>=1.5 in /home/ert/code/.venv/lib/python3.13/site-packages (from pytest->vmecpp==0.4.4) (1.6.0)
Requirement already satisfied: ruamel.yaml.clib>=0.2.7 in /home/ert/code/.venv/lib/python3.13/site-packages (from ruamel.yaml->simsopt>=1.8.1->vmecpp==0.4.4) (0.2.12)
Requirement already satisfied: mpmath<1.4,>=1.1.0 in /home/ert/code/.venv/lib/python3.13/site-packages (from sympy->simsopt>=1.8.1->vmecpp==0.4.4) (1.3.0)
Building wheels for collected packages: vmecpp
  Building editable for vmecpp (pyproject.toml): started
  Building editable for vmecpp (pyproject.toml): finished with status 'done'
  Created wheel for vmecpp: filename=vmecpp-0.4.4-cp313-cp313-linux_x86_64.whl size=3177927 sha256=48af7aa316e24e488bb0f49c9f73715b64e2ad8d6b4007fd53d413e43bb68e77
  Stored in directory: /tmp/pip-ephem-wheel-cache-261im3fs/wheels/2a/6b/d8/807b2eb2dba9f9895e039d48bcc156d41ff6c900f6da83c632
Successfully built vmecpp
Installing collected packages: vmecpp
Successfully installed vmecpp-0.4.4

Installing pre-commit hooks...
pre-commit installed at .git/hooks/pre-commit

Running initial pre-commit setup...
ruff-format..............................................................Passed
ruff.....................................................................Passed
blacken-docs.............................................................Passed
docformatter.............................................................Passed
check for added large files..............................................Passed
check for case conflicts.................................................Passed
check for merge conflicts................................................Passed
check for broken symlinks............................(no files to check)Skipped
check yaml...............................................................Passed
debug statements (python)................................................Passed
fix end of files.........................................................Passed
mixed line ending........................................................Passed
python tests naming......................................................Passed
fix requirements.txt.................................(no files to check)Skipped
trim trailing whitespace.................................................Passed
clang-format.............................................................Passed
pyright..................................................................Failed
- hook id: pyright
- exit code: 1

/home/ert/code/vmecpp/upstream-vmecpp-test/examples/mpi_finite_difference.py
  /home/ert/code/vmecpp/upstream-vmecpp-test/examples/mpi_finite_difference.py:68:16 - error: No overloads for "vstack" match the provided arguments (reportCallIssue)
  /home/ert/code/vmecpp/upstream-vmecpp-test/examples/mpi_finite_difference.py:68:26 - error: Argument of type "list[Any] | None" cannot be assigned to parameter "tup" of type "Sequence[ArrayLike]" in function "vstack"
    Type "list[Any] | None" is not assignable to type "Sequence[ArrayLike]"
      "None" is not assignable to "Sequence[ArrayLike]" (reportArgumentType)
/home/ert/code/vmecpp/upstream-vmecpp-test/examples/plot_plasma_boundary.py
  /home/ert/code/vmecpp/upstream-vmecpp-test/examples/plot_plasma_boundary.py:75:8 - error: Cannot access attribute "plot_surface" for class "Axes"
    Attribute "plot_surface" is unknown (reportAttributeAccessIssue)
/home/ert/code/vmecpp/upstream-vmecpp-test/examples/simsopt_qh_fixed_resolution.py
  /home/ert/code/vmecpp/upstream-vmecpp-test/examples/simsopt_qh_fixed_resolution.py:47:40 - error: Argument of type "list[tuple[() -> float, Literal[7], Literal[1]] | tuple[() -> Unknown, Literal[0], Literal[1]]]" cannot be assigned to parameter "tuples" of type "Sequence[Tuple[(...) -> Unknown, Real, Real]]" in function "from_tuples"
    "Literal[7]" is not assignable to "Real"
    "Literal[1]" is not assignable to "Real"
    "Literal[0]" is not assignable to "Real"
    "Literal[1]" is not assignable to "Real" (reportArgumentType)
/home/ert/code/vmecpp/upstream-vmecpp-test/tests/test_util.py
  /home/ert/code/vmecpp/upstream-vmecpp-test/tests/test_util.py:77:9 - error: Argument of type "list[list[int]]" cannot be assigned to parameter "coefficients" of type "ndarray[_AnyShape, dtype[Any]]" in function "dense_to_sparse_coefficients"
    "list[list[int]]" is not assignable to "ndarray[_AnyShape, dtype[Any]]" (reportArgumentType)
5 errors, 0 warnings, 0 informations
WARNING: there is a new pyright version available (v1.1.400 -> v1.1.403).
Please install the new version or set PYRIGHT_PYTHON_FORCE_VERSION to `latest`

Note: Some pre-commit hooks may have auto-fixed files. This is normal on first run.

Setup complete!

Summary:
- Bazel 7.4.1 installed/verified
- vmecpp installed in editable mode
- Test dependencies installed
- Pre-commit hooks installed

You can now run ./test-vmecpp.sh to run all tests

Verifying vmecpp installation...
ninja: no work to do.
-- Install configuration: "Release"
-- Installing: /home/ert/code/.venv/lib/python3.13/site-packages/include/eigen3/signature_of_eigen3_matrix_library
-- Installing: /home/ert/code/.venv/lib/python3.13/site-packages/share/pkgconfig/eigen3.pc
-- Up-to-date: /home/ert/code/.venv/lib/python3.13/site-packages/include/eigen3/Eigen
-- Installing: /home/ert/code/.venv/lib/python3.13/site-packages/include/eigen3/Eigen/SparseCore
-- Installing: /home/ert/code/.venv/lib/python3.13/site-packages/include/eigen3/Eigen/Core
-- Installing: /home/ert/code/.venv/lib/python3.13/site-packages/include/eigen3/Eigen/Eigenvalues
-- Installing: /home/ert/code/.venv/lib/python3.13/site-packages/include/eigen3/Eigen/StdList
-- Installing: /home/ert/code/.venv/lib/python3.13/site-packages/include/eigen3/Eigen/QR
-- Installing: /home/ert/code/.venv/lib/python3.13/site-packages/include/eigen3/Eigen/SparseQR
-- Installing: /home/ert/code/.venv/lib/python3.13/site-packages/include/eigen3/Eigen/StdDeque
-- Installing: /home/ert/code/.venv/lib/python3.13/site-packages/include/eigen3/Eigen/LU
-- Installing: /home/ert/code/.venv/lib/python3.13/site-packages/include/eigen3/Eigen/KLUSupport
-- Installing: /home/ert/code/.venv/lib/python3.13/site-packages/include/eigen3/Eigen/Jacobi
-- Installing: /home/ert/code/.venv/lib/python3.13/site-packages/include/eigen3/Eigen/PardisoSupport
-- Installing: /home/ert/code/.venv/lib/python3.13/site-packages/include/eigen3/Eigen/SVD
-- Installing: /home/ert/code/.venv/lib/python3.13/site-packages/include/eigen3/Eigen/CholmodSupport
-- Installing: /home/ert/code/.venv/lib/python3.13/site-packages/include/eigen3/Eigen/SparseCholesky
-- Installing: /home/ert/code/.venv/lib/python3.13/site-packages/include/eigen3/Eigen/Eigen
-- Up-to-date: /home/ert/code/.venv/lib/python3.13/site-packages/include/eigen3/Eigen/src
-- Up-to-date: /home/ert/code/.venv/lib/python3.13/site-packages/include/eigen3/Eigen/src/SparseCore
-- Installing: /home/ert/code/.venv/lib/python3.13/site-packages/include/eigen3/Eigen/src/SparseCore/MappedSparseMatrix.h
-- Installing: /home/ert/code/.venv/lib/python3.13/site-packages/include/eigen3/Eigen/src/SparseCore/SparseCompressedBase.h
-- Installing: /home/ert/code/.venv/lib/python3.13/site-packages/include/eigen3/Eigen/src/SparseCore/SparseSelfAdjointView.h
-- Installing: /home/ert/code/.venv/lib/python3.13/site-packages/include/eigen3/Eigen/src/SparseCore/SparseTranspose.h
-- Installing: /home/ert/code/.venv/lib/python3.13/site-packages/include/eigen3/Eigen/src/SparseCore/SparseSparseProductWithPruning.h
-- Installing: /home/ert/code/.venv/lib/python3.13/site-packages/include/eigen3/Eigen/src/SparseCore/SparseTriangularView.h
-- Installing: /home/ert/code/.venv/lib/python3.13/site-packages/include/eigen3/Eigen/src/SparseCore/SparseVector.h
-- Installing: /home/ert/code/.venv/lib/python3.13/site-packages/include/eigen3/Eigen/src/SparseCore/TriangularSolver.h
-- Installing: /home/ert/code/.venv/lib/python3.13/site-packages/include/eigen3/Eigen/src/SparseCore/SparseCwiseUnaryOp.h
-- Installing: /home/ert/code/.venv/lib/python3.13/site-packages/include/eigen3/Eigen/src/SparseCore/SparseAssign.h
-- Installing: /home/ert/code/.venv/lib/python3.13/site-packages/include/eigen3/Eigen/src/SparseCore/SparseMatrixBase.h
-- Installing: /home/ert/code/.venv/lib/python3.13/site-packages/include/eigen3/Eigen/src/SparseCore/SparseUtil.h
-- Installing: /home/ert/code/.venv/lib/python3.13/site-packages/include/eigen3/Eigen/src/SparseCore/SparseDenseProduct.h
-- Installing: /home/ert/code/.venv/lib/python3.13/site-packages/include/eigen3/Eigen/src/SparseCore/SparseColEtree.h
-- Installing: /home/ert/code/.venv/lib/python3.13/site-packages/include/eigen3/Eigen/src/SparseCore/ConservativeSparseSparseProduct.h
-- Installing: /home/ert/code/.venv/lib/python3.13/site-packages/include/eigen3/Eigen/src/SparseCore/SparseMap.h
-- Installing: /home/ert/code/.venv/lib/python3.13/site-packages/include/eigen3/Eigen/src/SparseCore/SparseBlock.h
-- Installing: /home/ert/code/.venv/lib/python3.13/site-packages/include/eigen3/Eigen/src/SparseCore/SparseDiagonalProduct.h
-- Installing: /home/ert/code/.venv/lib/python3.13/site-packages/include/eigen3/Eigen/src/SparseCore/SparseView.h
-- Installing: /home/ert/code/.venv/lib/python3.13/site-packages/include/eigen3/Eigen/src/SparseCore/SparseMatrix.h
-- Installing: /home/ert/code/.venv/lib/python3.13/site-packages/include/eigen3/Eigen/src/SparseCore/SparseDot.h
-- Installing: /home/ert/code/.venv/lib/python3.13/site-packages/include/eigen3/Eigen/src/SparseCore/SparseCwiseBinaryOp.h
-- Installing: /home/ert/code/.venv/lib/python3.13/site-packages/include/eigen3/Eigen/src/SparseCore/SparseRef.h
-- Installing: /home/ert/code/.venv/lib/python3.13/site-packages/include/eigen3/Eigen/src/SparseCore/SparseProduct.h
-- Installing: /home/ert/code/.venv/lib/python3.13/site-packages/include/eigen3/Eigen/src/SparseCore/SparseRedux.h
-- Installing: /home/ert/code/.venv/lib/python3.13/site-packages/include/eigen3/Eigen/src/SparseCore/SparseFuzzy.h
-- Installing: /home/ert/code/.venv/lib/python3.13/site-packages/include/eigen3/Eigen/src/SparseCore/CompressedStorage.h
-- Installing: /home/ert/code/.venv/lib/python3.13/site-packages/include/eigen3/Eigen/src/SparseCore/AmbiVector.h
-- Installing: /home/ert/code/.venv/lib/python3.13/site-packages/include/eigen3/Eigen/src/SparseCore/SparsePermutation.h
-- Installing: /home/ert/code/.venv/lib/python3.13/site-packages/include/eigen3/Eigen/src/SparseCore/SparseSolverBase.h
-- Up-to-date: /home/ert/code/.venv/lib/python3.13/site-packages/include/eigen3/Eigen/src/Core
-- Installing: /home/ert/code/.venv/lib/python3.13/site-packages/include/eigen3/Eigen/src/Core/StlIterators.h
-- Installing: /home/ert/code/.venv/lib/python3.13/site-packages/include/eigen3/Eigen/src/Core/Select.h
-- Installing: /home/ert/code/.venv/lib/python3.13/site-packages/include/eigen3/Eigen/src/Core/ForceAlignedAccess.h
-- Installing: /home/ert/code/.venv/lib/python3.13/site-packages/include/eigen3/Eigen/src/Core/Assign_MKL.h
-- Installing: /home/ert/code/.venv/lib/python3.13/site-packages/include/eigen3/Eigen/src/Core/GlobalFunctions.h
-- Installing: /home/ert/code/.venv/lib/python3.13/site-packages/include/eigen3/Eigen/src/Core/MatrixBase.h
-- Installing: /home/ert/code/.venv/lib/python3.13/site-packages/include/eigen3/Eigen/src/Core/ArrayWrapper.h
-- Installing: /home/ert/code/.venv/lib/python3.13/site-packages/include/eigen3/Eigen/src/Core/TriangularMatrix.h
-- Installing: /home/ert/code/.venv/lib/python3.13/site-packages/include/eigen3/Eigen/src/Core/ArrayBase.h
-- Installing: /home/ert/code/.venv/lib/python3.13/site-packages/include/eigen3/Eigen/src/Core/Assign.h
-- Installing: /home/ert/code/.venv/lib/python3.13/site-packages/include/eigen3/Eigen/src/Core/DenseCoeffsBase.h
-- Installing: /home/ert/code/.venv/lib/python3.13/site-packages/include/eigen3/Eigen/src/Core/SelfAdjointView.h
-- Installing: /home/ert/code/.venv/lib/python3.13/site-packages/include/eigen3/Eigen/src/Core/DenseBase.h
-- Up-to-date: /home/ert/code/.venv/lib/python3.13/site-packages/include/eigen3/Eigen/src/Core/functors
-- Installing: /home/ert/code/.venv/lib/python3.13/site-packages/include/eigen3/Eigen/src/Core/functors/TernaryFunctors.h
-- Installing: /home/ert/code/.venv/lib/python3.13/site-packages/include/eigen3/Eigen/src/Core/functors/AssignmentFunctors.h
-- Installing: /home/ert/code/.venv/lib/python3.13/site-packages/include/eigen3/Eigen/src/Core/functors/StlFunctors.h
-- Installing: /home/ert/code/.venv/lib/python3.13/site-packages/include/eigen3/Eigen/src/Core/functors/UnaryFunctors.h
-- Installing: /home/ert/code/.venv/lib/python3.13/site-packages/include/eigen3/Eigen/src/Core/functors/BinaryFunctors.h
-- Installing: /home/ert/code/.venv/lib/python3.13/site-packages/include/eigen3/Eigen/src/Core/functors/NullaryFunctors.h
-- Installing: /home/ert/code/.venv/lib/python3.13/site-packages/include/eigen3/Eigen/src/Core/Array.h
-- Installing: /home/ert/code/.venv/lib/python3.13/site-packages/include/eigen3/Eigen/src/Core/PartialReduxEvaluator.h
-- Installing: /home/ert/code/.venv/lib/python3.13/site-packages/include/eigen3/Eigen/src/Core/NestByValue.h
-- Installing: /home/ert/code/.venv/lib/python3.13/site-packages/include/eigen3/Eigen/src/Core/MathFunctions.h
-- Installing: /home/ert/code/.venv/lib/python3.13/site-packages/include/eigen3/Eigen/src/Core/Diagonal.h
-- Installing: /home/ert/code/.venv/lib/python3.13/site-packages/include/eigen3/Eigen/src/Core/CwiseUnaryView.h
-- Installing: /home/ert/code/.venv/lib/python3.13/site-packages/include/eigen3/Eigen/src/Core/Ref.h
-- Installing: /home/ert/code/.venv/lib/python3.13/site-packages/include/eigen3/Eigen/src/Core/Product.h
-- Installing: /home/ert/code/.venv/lib/python3.13/site-packages/include/eigen3/Eigen/src/Core/MathFunctionsImpl.h
-- Installing: /home/ert/code/.venv/lib/python3.13/site-packages/include/eigen3/Eigen/src/Core/CwiseTernaryOp.h
-- Installing: /home/ert/code/.venv/lib/python3.13/site-packages/include/eigen3/Eigen/src/Core/ReturnByValue.h
-- Installing: /home/ert/code/.venv/lib/python3.13/site-packages/include/eigen3/Eigen/src/Core/Replicate.h
-- Installing: /home/ert/code/.venv/lib/python3.13/site-packages/include/eigen3/Eigen/src/Core/Block.h
-- Installing: /home/ert/code/.venv/lib/python3.13/site-packages/include/eigen3/Eigen/src/Core/GenericPacketMath.h
-- Installing: /home/ert/code/.venv/lib/python3.13/site-packages/include/eigen3/Eigen/src/Core/ConditionEstimator.h
-- Installing: /home/ert/code/.venv/lib/python3.13/site-packages/include/eigen3/Eigen/src/Core/MapBase.h
-- Installing: /home/ert/code/.venv/lib/python3.13/site-packages/include/eigen3/Eigen/src/Core/PermutationMatrix.h
-- Installing: /home/ert/code/.venv/lib/python3.13/site-packages/include/eigen3/Eigen/src/Core/Solve.h
-- Installing: /home/ert/code/.venv/lib/python3.13/site-packages/include/eigen3/Eigen/src/Core/ArithmeticSequence.h
-- Installing: /home/ert/code/.venv/lib/python3.13/site-packages/include/eigen3/Eigen/src/Core/DiagonalMatrix.h
-- Installing: /home/ert/code/.venv/lib/python3.13/site-packages/include/eigen3/Eigen/src/Core/DenseStorage.h
-- Installing: /home/ert/code/.venv/lib/python3.13/site-packages/include/eigen3/Eigen/src/Core/Fuzzy.h
-- Installing: /home/ert/code/.venv/lib/python3.13/site-packages/include/eigen3/Eigen/src/Core/Matrix.h
-- Installing: /home/ert/code/.venv/lib/python3.13/site-packages/include/eigen3/Eigen/src/Core/NumTraits.h
-- Installing: /home/ert/code/.venv/lib/python3.13/site-packages/include/eigen3/Eigen/src/Core/CommaInitializer.h
-- Installing: /home/ert/code/.venv/lib/python3.13/site-packages/include/eigen3/Eigen/src/Core/PlainObjectBase.h
-- Installing: /home/ert/code/.venv/lib/python3.13/site-packages/include/eigen3/Eigen/src/Core/Reshaped.h
-- Installing: /home/ert/code/.venv/lib/python3.13/site-packages/include/eigen3/Eigen/src/Core/Visitor.h
-- Installing: /home/ert/code/.venv/lib/python3.13/site-packages/include/eigen3/Eigen/src/Core/Inverse.h
-- Up-to-date: /home/ert/code/.venv/lib/python3.13/site-packages/include/eigen3/Eigen/src/Core/arch
-- Up-to-date: /home/ert/code/.venv/lib/python3.13/site-packages/include/eigen3/Eigen/src/Core/arch/GPU
-- Installing: /home/ert/code/.venv/lib/python3.13/site-packages/include/eigen3/Eigen/src/Core/arch/GPU/TypeCasting.h
-- Installing: /home/ert/code/.venv/lib/python3.13/site-packages/include/eigen3/Eigen/src/Core/arch/GPU/MathFunctions.h
-- Installing: /home/ert/code/.venv/lib/python3.13/site-packages/include/eigen3/Eigen/src/Core/arch/GPU/PacketMath.h
-- Up-to-date: /home/ert/code/.venv/lib/python3.13/site-packages/include/eigen3/Eigen/src/Core/arch/Default
-- Installing: /home/ert/code/.venv/lib/python3.13/site-packages/include/eigen3/Eigen/src/Core/arch/Default/TypeCasting.h
-- Installing: /home/ert/code/.venv/lib/python3.13/site-packages/include/eigen3/Eigen/src/Core/arch/Default/Settings.h
-- Installing: /home/ert/code/.venv/lib/python3.13/site-packages/include/eigen3/Eigen/src/Core/arch/Default/GenericPacketMathFunctions.h
-- Installing: /home/ert/code/.venv/lib/python3.13/site-packages/include/eigen3/Eigen/src/Core/arch/Default/GenericPacketMathFunctionsFwd.h
-- Installing: /home/ert/code/.venv/lib/python3.13/site-packages/include/eigen3/Eigen/src/Core/arch/Default/ConjHelper.h
-- Installing: /home/ert/code/.venv/lib/python3.13/site-packages/include/eigen3/Eigen/src/Core/arch/Default/Half.h
-- Installing: /home/ert/code/.venv/lib/python3.13/site-packages/include/eigen3/Eigen/src/Core/arch/Default/BFloat16.h
-- Up-to-date: /home/ert/code/.venv/lib/python3.13/site-packages/include/eigen3/Eigen/src/Core/arch/HIP
-- Up-to-date: /home/ert/code/.venv/lib/python3.13/site-packages/include/eigen3/Eigen/src/Core/arch/HIP/hcc
-- Installing: /home/ert/code/.venv/lib/python3.13/site-packages/include/eigen3/Eigen/src/Core/arch/HIP/hcc/math_constants.h
-- Up-to-date: /home/ert/code/.venv/lib/python3.13/site-packages/include/eigen3/Eigen/src/Core/arch/ZVector
-- Installing: /home/ert/code/.venv/lib/python3.13/site-packages/include/eigen3/Eigen/src/Core/arch/ZVector/Complex.h
-- Installing: /home/ert/code/.venv/lib/python3.13/site-packages/include/eigen3/Eigen/src/Core/arch/ZVector/MathFunctions.h
-- Installing: /home/ert/code/.venv/lib/python3.13/site-packages/include/eigen3/Eigen/src/Core/arch/ZVector/PacketMath.h
-- Up-to-date: /home/ert/code/.venv/lib/python3.13/site-packages/include/eigen3/Eigen/src/Core/arch/SYCL
-- Installing: /home/ert/code/.venv/lib/python3.13/site-packages/include/eigen3/Eigen/src/Core/arch/SYCL/SyclMemoryModel.h
-- Installing: /home/ert/code/.venv/lib/python3.13/site-packages/include/eigen3/Eigen/src/Core/arch/SYCL/TypeCasting.h
-- Installing: /home/ert/code/.venv/lib/python3.13/site-packages/include/eigen3/Eigen/src/Core/arch/SYCL/MathFunctions.h
-- Installing: /home/ert/code/.venv/lib/python3.13/site-packages/include/eigen3/Eigen/src/Core/arch/SYCL/InteropHeaders.h
-- Installing: /home/ert/code/.venv/lib/python3.13/site-packages/include/eigen3/Eigen/src/Core/arch/SYCL/PacketMath.h
-- Up-to-date: /home/ert/code/.venv/lib/python3.13/site-packages/include/eigen3/Eigen/src/Core/arch/AltiVec
-- Installing: /home/ert/code/.venv/lib/python3.13/site-packages/include/eigen3/Eigen/src/Core/arch/AltiVec/MatrixProductCommon.h
-- Installing: /home/ert/code/.venv/lib/python3.13/site-packages/include/eigen3/Eigen/src/Core/arch/AltiVec/Complex.h
-- Installing: /home/ert/code/.venv/lib/python3.13/site-packages/include/eigen3/Eigen/src/Core/arch/AltiVec/MatrixProduct.h
-- Installing: /home/ert/code/.venv/lib/python3.13/site-packages/include/eigen3/Eigen/src/Core/arch/AltiVec/MathFunctions.h
-- Installing: /home/ert/code/.venv/lib/python3.13/site-packages/include/eigen3/Eigen/src/Core/arch/AltiVec/PacketMath.h
-- Installing: /home/ert/code/.venv/lib/python3.13/site-packages/include/eigen3/Eigen/src/Core/arch/AltiVec/MatrixProductMMA.h
-- Up-to-date: /home/ert/code/.venv/lib/python3.13/site-packages/include/eigen3/Eigen/src/Core/arch/MSA
-- Installing: /home/ert/code/.venv/lib/python3.13/site-packages/include/eigen3/Eigen/src/Core/arch/MSA/Complex.h
-- Installing: /home/ert/code/.venv/lib/python3.13/site-packages/include/eigen3/Eigen/src/Core/arch/MSA/MathFunctions.h
-- Installing: /home/ert/code/.venv/lib/python3.13/site-packages/include/eigen3/Eigen/src/Core/arch/MSA/PacketMath.h
-- Up-to-date: /home/ert/code/.venv/lib/python3.13/site-packages/include/eigen3/Eigen/src/Core/arch/NEON
-- Installing: /home/ert/code/.venv/lib/python3.13/site-packages/include/eigen3/Eigen/src/Core/arch/NEON/Complex.h
-- Installing: /home/ert/code/.venv/lib/python3.13/site-packages/include/eigen3/Eigen/src/Core/arch/NEON/TypeCasting.h
-- Installing: /home/ert/code/.venv/lib/python3.13/site-packages/include/eigen3/Eigen/src/Core/arch/NEON/MathFunctions.h
-- Installing: /home/ert/code/.venv/lib/python3.13/site-packages/include/eigen3/Eigen/src/Core/arch/NEON/GeneralBlockPanelKernel.h
-- Installing: /home/ert/code/.venv/lib/python3.13/site-packages/include/eigen3/Eigen/src/Core/arch/NEON/PacketMath.h
-- Up-to-date: /home/ert/code/.venv/lib/python3.13/site-packages/include/eigen3/Eigen/src/Core/arch/CUDA
-- Installing: /home/ert/code/.venv/lib/python3.13/site-packages/include/eigen3/Eigen/src/Core/arch/CUDA/Complex.h
-- Up-to-date: /home/ert/code/.venv/lib/python3.13/site-packages/include/eigen3/Eigen/src/Core/arch/SVE
-- Installing: /home/ert/code/.venv/lib/python3.13/site-packages/include/eigen3/Eigen/src/Core/arch/SVE/TypeCasting.h
-- Installing: /home/ert/code/.venv/lib/python3.13/site-packages/include/eigen3/Eigen/src/Core/arch/SVE/MathFunctions.h
-- Installing: /home/ert/code/.venv/lib/python3.13/site-packages/include/eigen3/Eigen/src/Core/arch/SVE/PacketMath.h
-- Up-to-date: /home/ert/code/.venv/lib/python3.13/site-packages/include/eigen3/Eigen/src/Core/arch/AVX512
-- Installing: /home/ert/code/.venv/lib/python3.13/site-packages/include/eigen3/Eigen/src/Core/arch/AVX512/Complex.h
-- Installing: /home/ert/code/.venv/lib/python3.13/site-packages/include/eigen3/Eigen/src/Core/arch/AVX512/TypeCasting.h
-- Installing: /home/ert/code/.venv/lib/python3.13/site-packages/include/eigen3/Eigen/src/Core/arch/AVX512/MathFunctions.h
-- Installing: /home/ert/code/.venv/lib/python3.13/site-packages/include/eigen3/Eigen/src/Core/arch/AVX512/PacketMath.h
-- Up-to-date: /home/ert/code/.venv/lib/python3.13/site-packages/include/eigen3/Eigen/src/Core/arch/SSE
-- Installing: /home/ert/code/.venv/lib/python3.13/site-packages/include/eigen3/Eigen/src/Core/arch/SSE/Complex.h
-- Installing: /home/ert/code/.venv/lib/python3.13/site-packages/include/eigen3/Eigen/src/Core/arch/SSE/TypeCasting.h
-- Installing: /home/ert/code/.venv/lib/python3.13/site-packages/include/eigen3/Eigen/src/Core/arch/SSE/MathFunctions.h
-- Installing: /home/ert/code/.venv/lib/python3.13/site-packages/include/eigen3/Eigen/src/Core/arch/SSE/PacketMath.h
-- Up-to-date: /home/ert/code/.venv/lib/python3.13/site-packages/include/eigen3/Eigen/src/Core/arch/AVX
-- Installing: /home/ert/code/.venv/lib/python3.13/site-packages/include/eigen3/Eigen/src/Core/arch/AVX/Complex.h
-- Installing: /home/ert/code/.venv/lib/python3.13/site-packages/include/eigen3/Eigen/src/Core/arch/AVX/TypeCasting.h
-- Installing: /home/ert/code/.venv/lib/python3.13/site-packages/include/eigen3/Eigen/src/Core/arch/AVX/MathFunctions.h
-- Installing: /home/ert/code/.venv/lib/python3.13/site-packages/include/eigen3/Eigen/src/Core/arch/AVX/PacketMath.h
-- Installing: /home/ert/code/.venv/lib/python3.13/site-packages/include/eigen3/Eigen/src/Core/Transpose.h
-- Installing: /home/ert/code/.venv/lib/python3.13/site-packages/include/eigen3/Eigen/src/Core/SolveTriangular.h
-- Installing: /home/ert/code/.venv/lib/python3.13/site-packages/include/eigen3/Eigen/src/Core/SolverBase.h
-- Installing: /home/ert/code/.venv/lib/python3.13/site-packages/include/eigen3/Eigen/src/Core/AssignEvaluator.h
-- Up-to-date: /home/ert/code/.venv/lib/python3.13/site-packages/include/eigen3/Eigen/src/Core/util
-- Installing: /home/ert/code/.venv/lib/python3.13/site-packages/include/eigen3/Eigen/src/Core/util/ForwardDeclarations.h
-- Installing: /home/ert/code/.venv/lib/python3.13/site-packages/include/eigen3/Eigen/src/Core/util/ReshapedHelper.h
-- Installing: /home/ert/code/.venv/lib/python3.13/site-packages/include/eigen3/Eigen/src/Core/util/ReenableStupidWarnings.h
-- Installing: /home/ert/code/.venv/lib/python3.13/site-packages/include/eigen3/Eigen/src/Core/util/Memory.h
-- Installing: /home/ert/code/.venv/lib/python3.13/site-packages/include/eigen3/Eigen/src/Core/util/StaticAssert.h
-- Installing: /home/ert/code/.venv/lib/python3.13/site-packages/include/eigen3/Eigen/src/Core/util/DisableStupidWarnings.h
-- Installing: /home/ert/code/.venv/lib/python3.13/site-packages/include/eigen3/Eigen/src/Core/util/ConfigureVectorization.h
-- Installing: /home/ert/code/.venv/lib/python3.13/site-packages/include/eigen3/Eigen/src/Core/util/Macros.h
-- Installing: /home/ert/code/.venv/lib/python3.13/site-packages/include/eigen3/Eigen/src/Core/util/Meta.h
-- Installing: /home/ert/code/.venv/lib/python3.13/site-packages/include/eigen3/Eigen/src/Core/util/SymbolicIndex.h
-- Installing: /home/ert/code/.venv/lib/python3.13/site-packages/include/eigen3/Eigen/src/Core/util/Constants.h
-- Installing: /home/ert/code/.venv/lib/python3.13/site-packages/include/eigen3/Eigen/src/Core/util/IndexedViewHelper.h
-- Installing: /home/ert/code/.venv/lib/python3.13/site-packages/include/eigen3/Eigen/src/Core/util/BlasUtil.h
-- Installing: /home/ert/code/.venv/lib/python3.13/site-packages/include/eigen3/Eigen/src/Core/util/XprHelper.h
-- Installing: /home/ert/code/.venv/lib/python3.13/site-packages/include/eigen3/Eigen/src/Core/util/NonMPL2.h
-- Installing: /home/ert/code/.venv/lib/python3.13/site-packages/include/eigen3/Eigen/src/Core/util/IntegralConstant.h
-- Installing: /home/ert/code/.venv/lib/python3.13/site-packages/include/eigen3/Eigen/src/Core/util/MKL_support.h
-- Installing: /home/ert/code/.venv/lib/python3.13/site-packages/include/eigen3/Eigen/src/Core/Dot.h
-- Installing: /home/ert/code/.venv/lib/python3.13/site-packages/include/eigen3/Eigen/src/Core/GeneralProduct.h
-- Up-to-date: /home/ert/code/.venv/lib/python3.13/site-packages/include/eigen3/Eigen/src/Core/products
-- Installing: /home/ert/code/.venv/lib/python3.13/site-packages/include/eigen3/Eigen/src/Core/products/TriangularSolverMatrix.h
-- Installing: /home/ert/code/.venv/lib/python3.13/site-packages/include/eigen3/Eigen/src/Core/products/SelfadjointMatrixVector.h
-- Installing: /home/ert/code/.venv/lib/python3.13/site-packages/include/eigen3/Eigen/src/Core/products/TriangularSolverVector.h
-- Installing: /home/ert/code/.venv/lib/python3.13/site-packages/include/eigen3/Eigen/src/Core/products/TriangularSolverMatrix_BLAS.h
-- Installing: /home/ert/code/.venv/lib/python3.13/site-packages/include/eigen3/Eigen/src/Core/products/GeneralMatrixMatrixTriangular_BLAS.h
-- Installing: /home/ert/code/.venv/lib/python3.13/site-packages/include/eigen3/Eigen/src/Core/products/GeneralMatrixMatrix.h
-- Installing: /home/ert/code/.venv/lib/python3.13/site-packages/include/eigen3/Eigen/src/Core/products/SelfadjointRank2Update.h
-- Installing: /home/ert/code/.venv/lib/python3.13/site-packages/include/eigen3/Eigen/src/Core/products/GeneralBlockPanelKernel.h
-- Installing: /home/ert/code/.venv/lib/python3.13/site-packages/include/eigen3/Eigen/src/Core/products/TriangularMatrixMatrix.h
-- Installing: /home/ert/code/.venv/lib/python3.13/site-packages/include/eigen3/Eigen/src/Core/products/Parallelizer.h
-- Installing: /home/ert/code/.venv/lib/python3.13/site-packages/include/eigen3/Eigen/src/Core/products/TriangularMatrixVector_BLAS.h
-- Installing: /home/ert/code/.venv/lib/python3.13/site-packages/include/eigen3/Eigen/src/Core/products/GeneralMatrixVector_BLAS.h
-- Installing: /home/ert/code/.venv/lib/python3.13/site-packages/include/eigen3/Eigen/src/Core/products/GeneralMatrixVector.h
-- Installing: /home/ert/code/.venv/lib/python3.13/site-packages/include/eigen3/Eigen/src/Core/products/GeneralMatrixMatrixTriangular.h
-- Installing: /home/ert/code/.venv/lib/python3.13/site-packages/include/eigen3/Eigen/src/Core/products/SelfadjointMatrixMatrix_BLAS.h
-- Installing: /home/ert/code/.venv/lib/python3.13/site-packages/include/eigen3/Eigen/src/Core/products/SelfadjointMatrixMatrix.h
-- Installing: /home/ert/code/.venv/lib/python3.13/site-packages/include/eigen3/Eigen/src/Core/products/TriangularMatrixMatrix_BLAS.h
-- Installing: /home/ert/code/.venv/lib/python3.13/site-packages/include/eigen3/Eigen/src/Core/products/GeneralMatrixMatrix_BLAS.h
-- Installing: /home/ert/code/.venv/lib/python3.13/site-packages/include/eigen3/Eigen/src/Core/products/SelfadjointProduct.h
-- Installing: /home/ert/code/.venv/lib/python3.13/site-packages/include/eigen3/Eigen/src/Core/products/SelfadjointMatrixVector_BLAS.h
-- Installing: /home/ert/code/.venv/lib/python3.13/site-packages/include/eigen3/Eigen/src/Core/products/TriangularMatrixVector.h
-- Installing: /home/ert/code/.venv/lib/python3.13/site-packages/include/eigen3/Eigen/src/Core/CoreEvaluators.h
-- Installing: /home/ert/code/.venv/lib/python3.13/site-packages/include/eigen3/Eigen/src/Core/VectorBlock.h
-- Installing: /home/ert/code/.venv/lib/python3.13/site-packages/include/eigen3/Eigen/src/Core/Transpositions.h
-- Installing: /home/ert/code/.venv/lib/python3.13/site-packages/include/eigen3/Eigen/src/Core/BandMatrix.h
-- Installing: /home/ert/code/.venv/lib/python3.13/site-packages/include/eigen3/Eigen/src/Core/Redux.h
-- Installing: /home/ert/code/.venv/lib/python3.13/site-packages/include/eigen3/Eigen/src/Core/IO.h
-- Installing: /home/ert/code/.venv/lib/python3.13/site-packages/include/eigen3/Eigen/src/Core/VectorwiseOp.h
-- Installing: /home/ert/code/.venv/lib/python3.13/site-packages/include/eigen3/Eigen/src/Core/Map.h
-- Installing: /home/ert/code/.venv/lib/python3.13/site-packages/include/eigen3/Eigen/src/Core/SelfCwiseBinaryOp.h
-- Installing: /home/ert/code/.venv/lib/python3.13/site-packages/include/eigen3/Eigen/src/Core/Random.h
-- Installing: /home/ert/code/.venv/lib/python3.13/site-packages/include/eigen3/Eigen/src/Core/EigenBase.h
-- Installing: /home/ert/code/.venv/lib/python3.13/site-packages/include/eigen3/Eigen/src/Core/CwiseNullaryOp.h
-- Installing: /home/ert/code/.venv/lib/python3.13/site-packages/include/eigen3/Eigen/src/Core/ProductEvaluators.h
-- Installing: /home/ert/code/.venv/lib/python3.13/site-packages/include/eigen3/Eigen/src/Core/Swap.h
-- Installing: /home/ert/code/.venv/lib/python3.13/site-packages/include/eigen3/Eigen/src/Core/Reverse.h
-- Installing: /home/ert/code/.venv/lib/python3.13/site-packages/include/eigen3/Eigen/src/Core/Stride.h
-- Installing: /home/ert/code/.venv/lib/python3.13/site-packages/include/eigen3/Eigen/src/Core/StableNorm.h
-- Installing: /home/ert/code/.venv/lib/python3.13/site-packages/include/eigen3/Eigen/src/Core/CoreIterators.h
-- Installing: /home/ert/code/.venv/lib/python3.13/site-packages/include/eigen3/Eigen/src/Core/BooleanRedux.h
-- Installing: /home/ert/code/.venv/lib/python3.13/site-packages/include/eigen3/Eigen/src/Core/IndexedView.h
-- Installing: /home/ert/code/.venv/lib/python3.13/site-packages/include/eigen3/Eigen/src/Core/NoAlias.h
-- Installing: /home/ert/code/.venv/lib/python3.13/site-packages/include/eigen3/Eigen/src/Core/DiagonalProduct.h
-- Installing: /home/ert/code/.venv/lib/python3.13/site-packages/include/eigen3/Eigen/src/Core/CwiseUnaryOp.h
-- Installing: /home/ert/code/.venv/lib/python3.13/site-packages/include/eigen3/Eigen/src/Core/CwiseBinaryOp.h
-- Up-to-date: /home/ert/code/.venv/lib/python3.13/site-packages/include/eigen3/Eigen/src/Eigenvalues
-- Installing: /home/ert/code/.venv/lib/python3.13/site-packages/include/eigen3/Eigen/src/Eigenvalues/EigenSolver.h
-- Installing: /home/ert/code/.venv/lib/python3.13/site-packages/include/eigen3/Eigen/src/Eigenvalues/RealQZ.h
-- Installing: /home/ert/code/.venv/lib/python3.13/site-packages/include/eigen3/Eigen/src/Eigenvalues/ComplexSchur_LAPACKE.h
-- Installing: /home/ert/code/.venv/lib/python3.13/site-packages/include/eigen3/Eigen/src/Eigenvalues/RealSchur_LAPACKE.h
-- Installing: /home/ert/code/.venv/lib/python3.13/site-packages/include/eigen3/Eigen/src/Eigenvalues/ComplexEigenSolver.h
-- Installing: /home/ert/code/.venv/lib/python3.13/site-packages/include/eigen3/Eigen/src/Eigenvalues/SelfAdjointEigenSolver.h
-- Installing: /home/ert/code/.venv/lib/python3.13/site-packages/include/eigen3/Eigen/src/Eigenvalues/GeneralizedEigenSolver.h
-- Installing: /home/ert/code/.venv/lib/python3.13/site-packages/include/eigen3/Eigen/src/Eigenvalues/GeneralizedSelfAdjointEigenSolver.h
-- Installing: /home/ert/code/.venv/lib/python3.13/site-packages/include/eigen3/Eigen/src/Eigenvalues/MatrixBaseEigenvalues.h
-- Installing: /home/ert/code/.venv/lib/python3.13/site-packages/include/eigen3/Eigen/src/Eigenvalues/RealSchur.h
-- Installing: /home/ert/code/.venv/lib/python3.13/site-packages/include/eigen3/Eigen/src/Eigenvalues/HessenbergDecomposition.h
-- Installing: /home/ert/code/.venv/lib/python3.13/site-packages/include/eigen3/Eigen/src/Eigenvalues/SelfAdjointEigenSolver_LAPACKE.h
-- Installing: /home/ert/code/.venv/lib/python3.13/site-packages/include/eigen3/Eigen/src/Eigenvalues/Tridiagonalization.h
-- Installing: /home/ert/code/.venv/lib/python3.13/site-packages/include/eigen3/Eigen/src/Eigenvalues/ComplexSchur.h
-- Up-to-date: /home/ert/code/.venv/lib/python3.13/site-packages/include/eigen3/Eigen/src/QR
-- Installing: /home/ert/code/.venv/lib/python3.13/site-packages/include/eigen3/Eigen/src/QR/ColPivHouseholderQR.h
-- Installing: /home/ert/code/.venv/lib/python3.13/site-packages/include/eigen3/Eigen/src/QR/HouseholderQR.h
-- Installing: /home/ert/code/.venv/lib/python3.13/site-packages/include/eigen3/Eigen/src/QR/ColPivHouseholderQR_LAPACKE.h
-- Installing: /home/ert/code/.venv/lib/python3.13/site-packages/include/eigen3/Eigen/src/QR/CompleteOrthogonalDecomposition.h
-- Installing: /home/ert/code/.venv/lib/python3.13/site-packages/include/eigen3/Eigen/src/QR/FullPivHouseholderQR.h
-- Installing: /home/ert/code/.venv/lib/python3.13/site-packages/include/eigen3/Eigen/src/QR/HouseholderQR_LAPACKE.h
-- Up-to-date: /home/ert/code/.venv/lib/python3.13/site-packages/include/eigen3/Eigen/src/SparseQR
-- Installing: /home/ert/code/.venv/lib/python3.13/site-packages/include/eigen3/Eigen/src/SparseQR/SparseQR.h
-- Up-to-date: /home/ert/code/.venv/lib/python3.13/site-packages/include/eigen3/Eigen/src/misc
-- Installing: /home/ert/code/.venv/lib/python3.13/site-packages/include/eigen3/Eigen/src/misc/RealSvd2x2.h
-- Installing: /home/ert/code/.venv/lib/python3.13/site-packages/include/eigen3/Eigen/src/misc/Kernel.h
-- Installing: /home/ert/code/.venv/lib/python3.13/site-packages/include/eigen3/Eigen/src/misc/Image.h
-- Installing: /home/ert/code/.venv/lib/python3.13/site-packages/include/eigen3/Eigen/src/misc/lapacke_mangling.h
-- Installing: /home/ert/code/.venv/lib/python3.13/site-packages/include/eigen3/Eigen/src/misc/lapack.h
-- Installing: /home/ert/code/.venv/lib/python3.13/site-packages/include/eigen3/Eigen/src/misc/blas.h
-- Installing: /home/ert/code/.venv/lib/python3.13/site-packages/include/eigen3/Eigen/src/misc/lapacke.h
-- Up-to-date: /home/ert/code/.venv/lib/python3.13/site-packages/include/eigen3/Eigen/src/LU
-- Installing: /home/ert/code/.venv/lib/python3.13/site-packages/include/eigen3/Eigen/src/LU/PartialPivLU.h
-- Installing: /home/ert/code/.venv/lib/python3.13/site-packages/include/eigen3/Eigen/src/LU/Determinant.h
-- Installing: /home/ert/code/.venv/lib/python3.13/site-packages/include/eigen3/Eigen/src/LU/InverseImpl.h
-- Up-to-date: /home/ert/code/.venv/lib/python3.13/site-packages/include/eigen3/Eigen/src/LU/arch
-- Installing: /home/ert/code/.venv/lib/python3.13/site-packages/include/eigen3/Eigen/src/LU/arch/InverseSize4.h
-- Installing: /home/ert/code/.venv/lib/python3.13/site-packages/include/eigen3/Eigen/src/LU/FullPivLU.h
-- Installing: /home/ert/code/.venv/lib/python3.13/site-packages/include/eigen3/Eigen/src/LU/PartialPivLU_LAPACKE.h
-- Up-to-date: /home/ert/code/.venv/lib/python3.13/site-packages/include/eigen3/Eigen/src/KLUSupport
-- Installing: /home/ert/code/.venv/lib/python3.13/site-packages/include/eigen3/Eigen/src/KLUSupport/KLUSupport.h
-- Up-to-date: /home/ert/code/.venv/lib/python3.13/site-packages/include/eigen3/Eigen/src/Jacobi
-- Installing: /home/ert/code/.venv/lib/python3.13/site-packages/include/eigen3/Eigen/src/Jacobi/Jacobi.h
-- Up-to-date: /home/ert/code/.venv/lib/python3.13/site-packages/include/eigen3/Eigen/src/PardisoSupport
-- Installing: /home/ert/code/.venv/lib/python3.13/site-packages/include/eigen3/Eigen/src/PardisoSupport/PardisoSupport.h
-- Up-to-date: /home/ert/code/.venv/lib/python3.13/site-packages/include/eigen3/Eigen/src/SVD
-- Installing: /home/ert/code/.venv/lib/python3.13/site-packages/include/eigen3/Eigen/src/SVD/SVDBase.h
-- Installing: /home/ert/code/.venv/lib/python3.13/site-packages/include/eigen3/Eigen/src/SVD/JacobiSVD_LAPACKE.h
-- Installing: /home/ert/code/.venv/lib/python3.13/site-packages/include/eigen3/Eigen/src/SVD/UpperBidiagonalization.h
-- Installing: /home/ert/code/.venv/lib/python3.13/site-packages/include/eigen3/Eigen/src/SVD/BDCSVD.h
-- Installing: /home/ert/code/.venv/lib/python3.13/site-packages/include/eigen3/Eigen/src/SVD/JacobiSVD.h
-- Up-to-date: /home/ert/code/.venv/lib/python3.13/site-packages/include/eigen3/Eigen/src/CholmodSupport
-- Installing: /home/ert/code/.venv/lib/python3.13/site-packages/include/eigen3/Eigen/src/CholmodSupport/CholmodSupport.h
-- Up-to-date: /home/ert/code/.venv/lib/python3.13/site-packages/include/eigen3/Eigen/src/SparseCholesky
-- Installing: /home/ert/code/.venv/lib/python3.13/site-packages/include/eigen3/Eigen/src/SparseCholesky/SimplicialCholesky.h
-- Installing: /home/ert/code/.venv/lib/python3.13/site-packages/include/eigen3/Eigen/src/SparseCholesky/SimplicialCholesky_impl.h
-- Up-to-date: /home/ert/code/.venv/lib/python3.13/site-packages/include/eigen3/Eigen/src/PaStiXSupport
-- Installing: /home/ert/code/.venv/lib/python3.13/site-packages/include/eigen3/Eigen/src/PaStiXSupport/PaStiXSupport.h
-- Up-to-date: /home/ert/code/.venv/lib/python3.13/site-packages/include/eigen3/Eigen/src/StlSupport
-- Installing: /home/ert/code/.venv/lib/python3.13/site-packages/include/eigen3/Eigen/src/StlSupport/StdDeque.h
-- Installing: /home/ert/code/.venv/lib/python3.13/site-packages/include/eigen3/Eigen/src/StlSupport/StdList.h
-- Installing: /home/ert/code/.venv/lib/python3.13/site-packages/include/eigen3/Eigen/src/StlSupport/StdVector.h
-- Installing: /home/ert/code/.venv/lib/python3.13/site-packages/include/eigen3/Eigen/src/StlSupport/details.h
-- Up-to-date: /home/ert/code/.venv/lib/python3.13/site-packages/include/eigen3/Eigen/src/SPQRSupport
-- Installing: /home/ert/code/.venv/lib/python3.13/site-packages/include/eigen3/Eigen/src/SPQRSupport/SuiteSparseQRSupport.h
-- Up-to-date: /home/ert/code/.venv/lib/python3.13/site-packages/include/eigen3/Eigen/src/plugins
-- Installing: /home/ert/code/.venv/lib/python3.13/site-packages/include/eigen3/Eigen/src/plugins/BlockMethods.h
-- Installing: /home/ert/code/.venv/lib/python3.13/site-packages/include/eigen3/Eigen/src/plugins/ArrayCwiseBinaryOps.h
-- Installing: /home/ert/code/.venv/lib/python3.13/site-packages/include/eigen3/Eigen/src/plugins/CommonCwiseUnaryOps.h
-- Installing: /home/ert/code/.venv/lib/python3.13/site-packages/include/eigen3/Eigen/src/plugins/MatrixCwiseBinaryOps.h
-- Installing: /home/ert/code/.venv/lib/python3.13/site-packages/include/eigen3/Eigen/src/plugins/ArrayCwiseUnaryOps.h
-- Installing: /home/ert/code/.venv/lib/python3.13/site-packages/include/eigen3/Eigen/src/plugins/IndexedViewMethods.h
-- Installing: /home/ert/code/.venv/lib/python3.13/site-packages/include/eigen3/Eigen/src/plugins/ReshapedMethods.h
-- Installing: /home/ert/code/.venv/lib/python3.13/site-packages/include/eigen3/Eigen/src/plugins/MatrixCwiseUnaryOps.h
-- Installing: /home/ert/code/.venv/lib/python3.13/site-packages/include/eigen3/Eigen/src/plugins/CommonCwiseBinaryOps.h
-- Up-to-date: /home/ert/code/.venv/lib/python3.13/site-packages/include/eigen3/Eigen/src/SuperLUSupport
-- Installing: /home/ert/code/.venv/lib/python3.13/site-packages/include/eigen3/Eigen/src/SuperLUSupport/SuperLUSupport.h
-- Up-to-date: /home/ert/code/.venv/lib/python3.13/site-packages/include/eigen3/Eigen/src/Householder
-- Installing: /home/ert/code/.venv/lib/python3.13/site-packages/include/eigen3/Eigen/src/Householder/HouseholderSequence.h
-- Installing: /home/ert/code/.venv/lib/python3.13/site-packages/include/eigen3/Eigen/src/Householder/Householder.h
-- Installing: /home/ert/code/.venv/lib/python3.13/site-packages/include/eigen3/Eigen/src/Householder/BlockHouseholder.h
-- Up-to-date: /home/ert/code/.venv/lib/python3.13/site-packages/include/eigen3/Eigen/src/Geometry
-- Installing: /home/ert/code/.venv/lib/python3.13/site-packages/include/eigen3/Eigen/src/Geometry/Scaling.h
-- Installing: /home/ert/code/.venv/lib/python3.13/site-packages/include/eigen3/Eigen/src/Geometry/AlignedBox.h
-- Installing: /home/ert/code/.venv/lib/python3.13/site-packages/include/eigen3/Eigen/src/Geometry/ParametrizedLine.h
-- Installing: /home/ert/code/.venv/lib/python3.13/site-packages/include/eigen3/Eigen/src/Geometry/Hyperplane.h
-- Installing: /home/ert/code/.venv/lib/python3.13/site-packages/include/eigen3/Eigen/src/Geometry/Umeyama.h
-- Up-to-date: /home/ert/code/.venv/lib/python3.13/site-packages/include/eigen3/Eigen/src/Geometry/arch
-- Installing: /home/ert/code/.venv/lib/python3.13/site-packages/include/eigen3/Eigen/src/Geometry/arch/Geometry_SIMD.h
-- Installing: /home/ert/code/.venv/lib/python3.13/site-packages/include/eigen3/Eigen/src/Geometry/RotationBase.h
-- Installing: /home/ert/code/.venv/lib/python3.13/site-packages/include/eigen3/Eigen/src/Geometry/EulerAngles.h
-- Installing: /home/ert/code/.venv/lib/python3.13/site-packages/include/eigen3/Eigen/src/Geometry/Translation.h
-- Installing: /home/ert/code/.venv/lib/python3.13/site-packages/include/eigen3/Eigen/src/Geometry/Transform.h
-- Installing: /home/ert/code/.venv/lib/python3.13/site-packages/include/eigen3/Eigen/src/Geometry/AngleAxis.h
-- Installing: /home/ert/code/.venv/lib/python3.13/site-packages/include/eigen3/Eigen/src/Geometry/Homogeneous.h
-- Installing: /home/ert/code/.venv/lib/python3.13/site-packages/include/eigen3/Eigen/src/Geometry/Rotation2D.h
-- Installing: /home/ert/code/.venv/lib/python3.13/site-packages/include/eigen3/Eigen/src/Geometry/OrthoMethods.h
-- Installing: /home/ert/code/.venv/lib/python3.13/site-packages/include/eigen3/Eigen/src/Geometry/Quaternion.h
-- Up-to-date: /home/ert/code/.venv/lib/python3.13/site-packages/include/eigen3/Eigen/src/UmfPackSupport
-- Installing: /home/ert/code/.venv/lib/python3.13/site-packages/include/eigen3/Eigen/src/UmfPackSupport/UmfPackSupport.h
-- Up-to-date: /home/ert/code/.venv/lib/python3.13/site-packages/include/eigen3/Eigen/src/IterativeLinearSolvers
-- Installing: /home/ert/code/.venv/lib/python3.13/site-packages/include/eigen3/Eigen/src/IterativeLinearSolvers/IncompleteCholesky.h
-- Installing: /home/ert/code/.venv/lib/python3.13/site-packages/include/eigen3/Eigen/src/IterativeLinearSolvers/LeastSquareConjugateGradient.h
-- Installing: /home/ert/code/.venv/lib/python3.13/site-packages/include/eigen3/Eigen/src/IterativeLinearSolvers/ConjugateGradient.h
-- Installing: /home/ert/code/.venv/lib/python3.13/site-packages/include/eigen3/Eigen/src/IterativeLinearSolvers/BasicPreconditioners.h
-- Installing: /home/ert/code/.venv/lib/python3.13/site-packages/include/eigen3/Eigen/src/IterativeLinearSolvers/IncompleteLUT.h
-- Installing: /home/ert/code/.venv/lib/python3.13/site-packages/include/eigen3/Eigen/src/IterativeLinearSolvers/IterativeSolverBase.h
-- Installing: /home/ert/code/.venv/lib/python3.13/site-packages/include/eigen3/Eigen/src/IterativeLinearSolvers/SolveWithGuess.h
-- Installing: /home/ert/code/.venv/lib/python3.13/site-packages/include/eigen3/Eigen/src/IterativeLinearSolvers/BiCGSTAB.h
-- Up-to-date: /home/ert/code/.venv/lib/python3.13/site-packages/include/eigen3/Eigen/src/SparseLU
-- Installing: /home/ert/code/.venv/lib/python3.13/site-packages/include/eigen3/Eigen/src/SparseLU/SparseLU_heap_relax_snode.h
-- Installing: /home/ert/code/.venv/lib/python3.13/site-packages/include/eigen3/Eigen/src/SparseLU/SparseLU_Utils.h
-- Installing: /home/ert/code/.venv/lib/python3.13/site-packages/include/eigen3/Eigen/src/SparseLU/SparseLU_pruneL.h
-- Installing: /home/ert/code/.venv/lib/python3.13/site-packages/include/eigen3/Eigen/src/SparseLU/SparseLU_SupernodalMatrix.h
-- Installing: /home/ert/code/.venv/lib/python3.13/site-packages/include/eigen3/Eigen/src/SparseLU/SparseLU_panel_dfs.h
-- Installing: /home/ert/code/.venv/lib/python3.13/site-packages/include/eigen3/Eigen/src/SparseLU/SparseLU_panel_bmod.h
-- Installing: /home/ert/code/.venv/lib/python3.13/site-packages/include/eigen3/Eigen/src/SparseLU/SparseLU_relax_snode.h
-- Installing: /home/ert/code/.venv/lib/python3.13/site-packages/include/eigen3/Eigen/src/SparseLU/SparseLUImpl.h
-- Installing: /home/ert/code/.venv/lib/python3.13/site-packages/include/eigen3/Eigen/src/SparseLU/SparseLU_pivotL.h
-- Installing: /home/ert/code/.venv/lib/python3.13/site-packages/include/eigen3/Eigen/src/SparseLU/SparseLU_copy_to_ucol.h
-- Installing: /home/ert/code/.venv/lib/python3.13/site-packages/include/eigen3/Eigen/src/SparseLU/SparseLU_Memory.h
-- Installing: /home/ert/code/.venv/lib/python3.13/site-packages/include/eigen3/Eigen/src/SparseLU/SparseLU_column_bmod.h
-- Installing: /home/ert/code/.venv/lib/python3.13/site-packages/include/eigen3/Eigen/src/SparseLU/SparseLU.h
-- Installing: /home/ert/code/.venv/lib/python3.13/site-packages/include/eigen3/Eigen/src/SparseLU/SparseLU_Structs.h
-- Installing: /home/ert/code/.venv/lib/python3.13/site-packages/include/eigen3/Eigen/src/SparseLU/SparseLU_column_dfs.h
-- Installing: /home/ert/code/.venv/lib/python3.13/site-packages/include/eigen3/Eigen/src/SparseLU/SparseLU_gemm_kernel.h
-- Installing: /home/ert/code/.venv/lib/python3.13/site-packages/include/eigen3/Eigen/src/SparseLU/SparseLU_kernel_bmod.h
-- Up-to-date: /home/ert/code/.venv/lib/python3.13/site-packages/include/eigen3/Eigen/src/OrderingMethods
-- Installing: /home/ert/code/.venv/lib/python3.13/site-packages/include/eigen3/Eigen/src/OrderingMethods/Eigen_Colamd.h
-- Installing: /home/ert/code/.venv/lib/python3.13/site-packages/include/eigen3/Eigen/src/OrderingMethods/Ordering.h
-- Installing: /home/ert/code/.venv/lib/python3.13/site-packages/include/eigen3/Eigen/src/OrderingMethods/Amd.h
-- Up-to-date: /home/ert/code/.venv/lib/python3.13/site-packages/include/eigen3/Eigen/src/MetisSupport
-- Installing: /home/ert/code/.venv/lib/python3.13/site-packages/include/eigen3/Eigen/src/MetisSupport/MetisSupport.h
-- Up-to-date: /home/ert/code/.venv/lib/python3.13/site-packages/include/eigen3/Eigen/src/Cholesky
-- Installing: /home/ert/code/.venv/lib/python3.13/site-packages/include/eigen3/Eigen/src/Cholesky/LDLT.h
-- Installing: /home/ert/code/.venv/lib/python3.13/site-packages/include/eigen3/Eigen/src/Cholesky/LLT.h
-- Installing: /home/ert/code/.venv/lib/python3.13/site-packages/include/eigen3/Eigen/src/Cholesky/LLT_LAPACKE.h
-- Installing: /home/ert/code/.venv/lib/python3.13/site-packages/include/eigen3/Eigen/PaStiXSupport
-- Installing: /home/ert/code/.venv/lib/python3.13/site-packages/include/eigen3/Eigen/SPQRSupport
-- Installing: /home/ert/code/.venv/lib/python3.13/site-packages/include/eigen3/Eigen/QtAlignedMalloc
-- Installing: /home/ert/code/.venv/lib/python3.13/site-packages/include/eigen3/Eigen/SuperLUSupport
-- Installing: /home/ert/code/.venv/lib/python3.13/site-packages/include/eigen3/Eigen/Householder
-- Installing: /home/ert/code/.venv/lib/python3.13/site-packages/include/eigen3/Eigen/Geometry
-- Installing: /home/ert/code/.venv/lib/python3.13/site-packages/include/eigen3/Eigen/UmfPackSupport
-- Installing: /home/ert/code/.venv/lib/python3.13/site-packages/include/eigen3/Eigen/IterativeLinearSolvers
-- Installing: /home/ert/code/.venv/lib/python3.13/site-packages/include/eigen3/Eigen/StdVector
-- Installing: /home/ert/code/.venv/lib/python3.13/site-packages/include/eigen3/Eigen/SparseLU
-- Installing: /home/ert/code/.venv/lib/python3.13/site-packages/include/eigen3/Eigen/OrderingMethods
-- Installing: /home/ert/code/.venv/lib/python3.13/site-packages/include/eigen3/Eigen/Dense
-- Installing: /home/ert/code/.venv/lib/python3.13/site-packages/include/eigen3/Eigen/MetisSupport
-- Installing: /home/ert/code/.venv/lib/python3.13/site-packages/include/eigen3/Eigen/Sparse
-- Installing: /home/ert/code/.venv/lib/python3.13/site-packages/include/eigen3/Eigen/Cholesky
-- Installing: /home/ert/code/.venv/lib/python3.13/site-packages/share/eigen3/cmake/Eigen3Targets.cmake
-- Installing: /home/ert/code/.venv/lib/python3.13/site-packages/share/eigen3/cmake/UseEigen3.cmake
-- Installing: /home/ert/code/.venv/lib/python3.13/site-packages/share/eigen3/cmake/Eigen3Config.cmake
-- Installing: /home/ert/code/.venv/lib/python3.13/site-packages/share/eigen3/cmake/Eigen3ConfigVersion.cmake
-- Installing: /home/ert/code/.venv/lib/python3.13/site-packages/include/eigen3/unsupported/Eigen/AdolcForward
-- Installing: /home/ert/code/.venv/lib/python3.13/site-packages/include/eigen3/unsupported/Eigen/AlignedVector3
-- Installing: /home/ert/code/.venv/lib/python3.13/site-packages/include/eigen3/unsupported/Eigen/ArpackSupport
-- Installing: /home/ert/code/.venv/lib/python3.13/site-packages/include/eigen3/unsupported/Eigen/AutoDiff
-- Installing: /home/ert/code/.venv/lib/python3.13/site-packages/include/eigen3/unsupported/Eigen/BVH
-- Installing: /home/ert/code/.venv/lib/python3.13/site-packages/include/eigen3/unsupported/Eigen/EulerAngles
-- Installing: /home/ert/code/.venv/lib/python3.13/site-packages/include/eigen3/unsupported/Eigen/FFT
-- Installing: /home/ert/code/.venv/lib/python3.13/site-packages/include/eigen3/unsupported/Eigen/IterativeSolvers
-- Installing: /home/ert/code/.venv/lib/python3.13/site-packages/include/eigen3/unsupported/Eigen/KroneckerProduct
-- Installing: /home/ert/code/.venv/lib/python3.13/site-packages/include/eigen3/unsupported/Eigen/LevenbergMarquardt
-- Installing: /home/ert/code/.venv/lib/python3.13/site-packages/include/eigen3/unsupported/Eigen/MatrixFunctions
-- Installing: /home/ert/code/.venv/lib/python3.13/site-packages/include/eigen3/unsupported/Eigen/MoreVectorization
-- Installing: /home/ert/code/.venv/lib/python3.13/site-packages/include/eigen3/unsupported/Eigen/MPRealSupport
-- Installing: /home/ert/code/.venv/lib/python3.13/site-packages/include/eigen3/unsupported/Eigen/NonLinearOptimization
-- Installing: /home/ert/code/.venv/lib/python3.13/site-packages/include/eigen3/unsupported/Eigen/NumericalDiff
-- Installing: /home/ert/code/.venv/lib/python3.13/site-packages/include/eigen3/unsupported/Eigen/OpenGLSupport
-- Installing: /home/ert/code/.venv/lib/python3.13/site-packages/include/eigen3/unsupported/Eigen/Polynomials
-- Installing: /home/ert/code/.venv/lib/python3.13/site-packages/include/eigen3/unsupported/Eigen/Skyline
-- Installing: /home/ert/code/.venv/lib/python3.13/site-packages/include/eigen3/unsupported/Eigen/SparseExtra
-- Installing: /home/ert/code/.venv/lib/python3.13/site-packages/include/eigen3/unsupported/Eigen/SpecialFunctions
-- Installing: /home/ert/code/.venv/lib/python3.13/site-packages/include/eigen3/unsupported/Eigen/Splines
-- Up-to-date: /home/ert/code/.venv/lib/python3.13/site-packages/include/eigen3/unsupported/Eigen/src
-- Up-to-date: /home/ert/code/.venv/lib/python3.13/site-packages/include/eigen3/unsupported/Eigen/src/Eigenvalues
-- Installing: /home/ert/code/.venv/lib/python3.13/site-packages/include/eigen3/unsupported/Eigen/src/Eigenvalues/ArpackSelfAdjointEigenSolver.h
-- Up-to-date: /home/ert/code/.venv/lib/python3.13/site-packages/include/eigen3/unsupported/Eigen/src/NumericalDiff
-- Installing: /home/ert/code/.venv/lib/python3.13/site-packages/include/eigen3/unsupported/Eigen/src/NumericalDiff/NumericalDiff.h
-- Up-to-date: /home/ert/code/.venv/lib/python3.13/site-packages/include/eigen3/unsupported/Eigen/src/FFT
-- Installing: /home/ert/code/.venv/lib/python3.13/site-packages/include/eigen3/unsupported/Eigen/src/FFT/ei_fftw_impl.h
-- Installing: /home/ert/code/.venv/lib/python3.13/site-packages/include/eigen3/unsupported/Eigen/src/FFT/ei_kissfft_impl.h
-- Up-to-date: /home/ert/code/.venv/lib/python3.13/site-packages/include/eigen3/unsupported/Eigen/src/NonLinearOptimization
-- Installing: /home/ert/code/.venv/lib/python3.13/site-packages/include/eigen3/unsupported/Eigen/src/NonLinearOptimization/lmpar.h
-- Installing: /home/ert/code/.venv/lib/python3.13/site-packages/include/eigen3/unsupported/Eigen/src/NonLinearOptimization/chkder.h
-- Installing: /home/ert/code/.venv/lib/python3.13/site-packages/include/eigen3/unsupported/Eigen/src/NonLinearOptimization/LevenbergMarquardt.h
-- Installing: /home/ert/code/.venv/lib/python3.13/site-packages/include/eigen3/unsupported/Eigen/src/NonLinearOptimization/r1updt.h
-- Installing: /home/ert/code/.venv/lib/python3.13/site-packages/include/eigen3/unsupported/Eigen/src/NonLinearOptimization/fdjac1.h
-- Installing: /home/ert/code/.venv/lib/python3.13/site-packages/include/eigen3/unsupported/Eigen/src/NonLinearOptimization/rwupdt.h
-- Installing: /home/ert/code/.venv/lib/python3.13/site-packages/include/eigen3/unsupported/Eigen/src/NonLinearOptimization/HybridNonLinearSolver.h
-- Installing: /home/ert/code/.venv/lib/python3.13/site-packages/include/eigen3/unsupported/Eigen/src/NonLinearOptimization/qrsolv.h
-- Installing: /home/ert/code/.venv/lib/python3.13/site-packages/include/eigen3/unsupported/Eigen/src/NonLinearOptimization/r1mpyq.h
-- Installing: /home/ert/code/.venv/lib/python3.13/site-packages/include/eigen3/unsupported/Eigen/src/NonLinearOptimization/dogleg.h
-- Installing: /home/ert/code/.venv/lib/python3.13/site-packages/include/eigen3/unsupported/Eigen/src/NonLinearOptimization/covar.h
-- Up-to-date: /home/ert/code/.venv/lib/python3.13/site-packages/include/eigen3/unsupported/Eigen/src/Polynomials
-- Installing: /home/ert/code/.venv/lib/python3.13/site-packages/include/eigen3/unsupported/Eigen/src/Polynomials/PolynomialUtils.h
-- Installing: /home/ert/code/.venv/lib/python3.13/site-packages/include/eigen3/unsupported/Eigen/src/Polynomials/PolynomialSolver.h
-- Installing: /home/ert/code/.venv/lib/python3.13/site-packages/include/eigen3/unsupported/Eigen/src/Polynomials/Companion.h
-- Up-to-date: /home/ert/code/.venv/lib/python3.13/site-packages/include/eigen3/unsupported/Eigen/src/KroneckerProduct
-- Installing: /home/ert/code/.venv/lib/python3.13/site-packages/include/eigen3/unsupported/Eigen/src/KroneckerProduct/KroneckerTensorProduct.h
-- Up-to-date: /home/ert/code/.venv/lib/python3.13/site-packages/include/eigen3/unsupported/Eigen/src/AutoDiff
-- Installing: /home/ert/code/.venv/lib/python3.13/site-packages/include/eigen3/unsupported/Eigen/src/AutoDiff/AutoDiffJacobian.h
-- Installing: /home/ert/code/.venv/lib/python3.13/site-packages/include/eigen3/unsupported/Eigen/src/AutoDiff/AutoDiffScalar.h
-- Installing: /home/ert/code/.venv/lib/python3.13/site-packages/include/eigen3/unsupported/Eigen/src/AutoDiff/AutoDiffVector.h
-- Up-to-date: /home/ert/code/.venv/lib/python3.13/site-packages/include/eigen3/unsupported/Eigen/src/MoreVectorization
-- Installing: /home/ert/code/.venv/lib/python3.13/site-packages/include/eigen3/unsupported/Eigen/src/MoreVectorization/MathFunctions.h
-- Up-to-date: /home/ert/code/.venv/lib/python3.13/site-packages/include/eigen3/unsupported/Eigen/src/SpecialFunctions
-- Installing: /home/ert/code/.venv/lib/python3.13/site-packages/include/eigen3/unsupported/Eigen/src/SpecialFunctions/SpecialFunctionsFunctors.h
-- Installing: /home/ert/code/.venv/lib/python3.13/site-packages/include/eigen3/unsupported/Eigen/src/SpecialFunctions/SpecialFunctionsBFloat16.h
-- Installing: /home/ert/code/.venv/lib/python3.13/site-packages/include/eigen3/unsupported/Eigen/src/SpecialFunctions/SpecialFunctionsHalf.h
-- Up-to-date: /home/ert/code/.venv/lib/python3.13/site-packages/include/eigen3/unsupported/Eigen/src/SpecialFunctions/arch
-- Up-to-date: /home/ert/code/.venv/lib/python3.13/site-packages/include/eigen3/unsupported/Eigen/src/SpecialFunctions/arch/GPU
-- Installing: /home/ert/code/.venv/lib/python3.13/site-packages/include/eigen3/unsupported/Eigen/src/SpecialFunctions/arch/GPU/SpecialFunctions.h
-- Up-to-date: /home/ert/code/.venv/lib/python3.13/site-packages/include/eigen3/unsupported/Eigen/src/SpecialFunctions/arch/NEON
-- Installing: /home/ert/code/.venv/lib/python3.13/site-packages/include/eigen3/unsupported/Eigen/src/SpecialFunctions/arch/NEON/BesselFunctions.h
-- Installing: /home/ert/code/.venv/lib/python3.13/site-packages/include/eigen3/unsupported/Eigen/src/SpecialFunctions/arch/NEON/SpecialFunctions.h
-- Up-to-date: /home/ert/code/.venv/lib/python3.13/site-packages/include/eigen3/unsupported/Eigen/src/SpecialFunctions/arch/AVX512
-- Installing: /home/ert/code/.venv/lib/python3.13/site-packages/include/eigen3/unsupported/Eigen/src/SpecialFunctions/arch/AVX512/BesselFunctions.h
-- Installing: /home/ert/code/.venv/lib/python3.13/site-packages/include/eigen3/unsupported/Eigen/src/SpecialFunctions/arch/AVX512/SpecialFunctions.h
-- Up-to-date: /home/ert/code/.venv/lib/python3.13/site-packages/include/eigen3/unsupported/Eigen/src/SpecialFunctions/arch/AVX
-- Installing: /home/ert/code/.venv/lib/python3.13/site-packages/include/eigen3/unsupported/Eigen/src/SpecialFunctions/arch/AVX/BesselFunctions.h
-- Installing: /home/ert/code/.venv/lib/python3.13/site-packages/include/eigen3/unsupported/Eigen/src/SpecialFunctions/arch/AVX/SpecialFunctions.h
-- Installing: /home/ert/code/.venv/lib/python3.13/site-packages/include/eigen3/unsupported/Eigen/src/SpecialFunctions/SpecialFunctionsArrayAPI.h
-- Installing: /home/ert/code/.venv/lib/python3.13/site-packages/include/eigen3/unsupported/Eigen/src/SpecialFunctions/BesselFunctionsBFloat16.h
-- Installing: /home/ert/code/.venv/lib/python3.13/site-packages/include/eigen3/unsupported/Eigen/src/SpecialFunctions/SpecialFunctionsImpl.h
-- Installing: /home/ert/code/.venv/lib/python3.13/site-packages/include/eigen3/unsupported/Eigen/src/SpecialFunctions/BesselFunctionsPacketMath.h
-- Installing: /home/ert/code/.venv/lib/python3.13/site-packages/include/eigen3/unsupported/Eigen/src/SpecialFunctions/HipVectorCompatibility.h
-- Installing: /home/ert/code/.venv/lib/python3.13/site-packages/include/eigen3/unsupported/Eigen/src/SpecialFunctions/SpecialFunctionsPacketMath.h
-- Installing: /home/ert/code/.venv/lib/python3.13/site-packages/include/eigen3/unsupported/Eigen/src/SpecialFunctions/BesselFunctionsImpl.h
-- Installing: /home/ert/code/.venv/lib/python3.13/site-packages/include/eigen3/unsupported/Eigen/src/SpecialFunctions/BesselFunctionsHalf.h
-- Installing: /home/ert/code/.venv/lib/python3.13/site-packages/include/eigen3/unsupported/Eigen/src/SpecialFunctions/BesselFunctionsFunctors.h
-- Installing: /home/ert/code/.venv/lib/python3.13/site-packages/include/eigen3/unsupported/Eigen/src/SpecialFunctions/BesselFunctionsArrayAPI.h
-- Up-to-date: /home/ert/code/.venv/lib/python3.13/site-packages/include/eigen3/unsupported/Eigen/src/Skyline
-- Installing: /home/ert/code/.venv/lib/python3.13/site-packages/include/eigen3/unsupported/Eigen/src/Skyline/SkylineUtil.h
-- Installing: /home/ert/code/.venv/lib/python3.13/site-packages/include/eigen3/unsupported/Eigen/src/Skyline/SkylineProduct.h
-- Installing: /home/ert/code/.venv/lib/python3.13/site-packages/include/eigen3/unsupported/Eigen/src/Skyline/SkylineStorage.h
-- Installing: /home/ert/code/.venv/lib/python3.13/site-packages/include/eigen3/unsupported/Eigen/src/Skyline/SkylineMatrix.h
-- Installing: /home/ert/code/.venv/lib/python3.13/site-packages/include/eigen3/unsupported/Eigen/src/Skyline/SkylineInplaceLU.h
-- Installing: /home/ert/code/.venv/lib/python3.13/site-packages/include/eigen3/unsupported/Eigen/src/Skyline/SkylineMatrixBase.h
-- Up-to-date: /home/ert/code/.venv/lib/python3.13/site-packages/include/eigen3/unsupported/Eigen/src/EulerAngles
-- Installing: /home/ert/code/.venv/lib/python3.13/site-packages/include/eigen3/unsupported/Eigen/src/EulerAngles/EulerSystem.h
-- Installing: /home/ert/code/.venv/lib/python3.13/site-packages/include/eigen3/unsupported/Eigen/src/EulerAngles/EulerAngles.h
-- Up-to-date: /home/ert/code/.venv/lib/python3.13/site-packages/include/eigen3/unsupported/Eigen/src/MatrixFunctions
-- Installing: /home/ert/code/.venv/lib/python3.13/site-packages/include/eigen3/unsupported/Eigen/src/MatrixFunctions/MatrixSquareRoot.h
-- Installing: /home/ert/code/.venv/lib/python3.13/site-packages/include/eigen3/unsupported/Eigen/src/MatrixFunctions/MatrixExponential.h
-- Installing: /home/ert/code/.venv/lib/python3.13/site-packages/include/eigen3/unsupported/Eigen/src/MatrixFunctions/MatrixPower.h
-- Installing: /home/ert/code/.venv/lib/python3.13/site-packages/include/eigen3/unsupported/Eigen/src/MatrixFunctions/MatrixLogarithm.h
-- Installing: /home/ert/code/.venv/lib/python3.13/site-packages/include/eigen3/unsupported/Eigen/src/MatrixFunctions/StemFunction.h
-- Installing: /home/ert/code/.venv/lib/python3.13/site-packages/include/eigen3/unsupported/Eigen/src/MatrixFunctions/MatrixFunction.h
-- Up-to-date: /home/ert/code/.venv/lib/python3.13/site-packages/include/eigen3/unsupported/Eigen/src/SparseExtra
-- Installing: /home/ert/code/.venv/lib/python3.13/site-packages/include/eigen3/unsupported/Eigen/src/SparseExtra/MarketIO.h
-- Installing: /home/ert/code/.venv/lib/python3.13/site-packages/include/eigen3/unsupported/Eigen/src/SparseExtra/RandomSetter.h
-- Installing: /home/ert/code/.venv/lib/python3.13/site-packages/include/eigen3/unsupported/Eigen/src/SparseExtra/DynamicSparseMatrix.h
-- Installing: /home/ert/code/.venv/lib/python3.13/site-packages/include/eigen3/unsupported/Eigen/src/SparseExtra/BlockSparseMatrix.h
-- Installing: /home/ert/code/.venv/lib/python3.13/site-packages/include/eigen3/unsupported/Eigen/src/SparseExtra/BlockOfDynamicSparseMatrix.h
-- Installing: /home/ert/code/.venv/lib/python3.13/site-packages/include/eigen3/unsupported/Eigen/src/SparseExtra/MatrixMarketIterator.h
-- Up-to-date: /home/ert/code/.venv/lib/python3.13/site-packages/include/eigen3/unsupported/Eigen/src/Splines
-- Installing: /home/ert/code/.venv/lib/python3.13/site-packages/include/eigen3/unsupported/Eigen/src/Splines/Spline.h
-- Installing: /home/ert/code/.venv/lib/python3.13/site-packages/include/eigen3/unsupported/Eigen/src/Splines/SplineFwd.h
-- Installing: /home/ert/code/.venv/lib/python3.13/site-packages/include/eigen3/unsupported/Eigen/src/Splines/SplineFitting.h
-- Up-to-date: /home/ert/code/.venv/lib/python3.13/site-packages/include/eigen3/unsupported/Eigen/src/BVH
-- Installing: /home/ert/code/.venv/lib/python3.13/site-packages/include/eigen3/unsupported/Eigen/src/BVH/KdBVH.h
-- Installing: /home/ert/code/.venv/lib/python3.13/site-packages/include/eigen3/unsupported/Eigen/src/BVH/BVAlgorithms.h
-- Up-to-date: /home/ert/code/.venv/lib/python3.13/site-packages/include/eigen3/unsupported/Eigen/src/IterativeSolvers
-- Installing: /home/ert/code/.venv/lib/python3.13/site-packages/include/eigen3/unsupported/Eigen/src/IterativeSolvers/Scaling.h
-- Installing: /home/ert/code/.venv/lib/python3.13/site-packages/include/eigen3/unsupported/Eigen/src/IterativeSolvers/MINRES.h
-- Installing: /home/ert/code/.venv/lib/python3.13/site-packages/include/eigen3/unsupported/Eigen/src/IterativeSolvers/IDRS.h
-- Installing: /home/ert/code/.venv/lib/python3.13/site-packages/include/eigen3/unsupported/Eigen/src/IterativeSolvers/GMRES.h
-- Installing: /home/ert/code/.venv/lib/python3.13/site-packages/include/eigen3/unsupported/Eigen/src/IterativeSolvers/DGMRES.h
-- Installing: /home/ert/code/.venv/lib/python3.13/site-packages/include/eigen3/unsupported/Eigen/src/IterativeSolvers/IncompleteLU.h
-- Installing: /home/ert/code/.venv/lib/python3.13/site-packages/include/eigen3/unsupported/Eigen/src/IterativeSolvers/IterationController.h
-- Installing: /home/ert/code/.venv/lib/python3.13/site-packages/include/eigen3/unsupported/Eigen/src/IterativeSolvers/ConstrainedConjGrad.h
-- Up-to-date: /home/ert/code/.venv/lib/python3.13/site-packages/include/eigen3/unsupported/Eigen/src/LevenbergMarquardt
-- Installing: /home/ert/code/.venv/lib/python3.13/site-packages/include/eigen3/unsupported/Eigen/src/LevenbergMarquardt/LMpar.h
-- Installing: /home/ert/code/.venv/lib/python3.13/site-packages/include/eigen3/unsupported/Eigen/src/LevenbergMarquardt/LevenbergMarquardt.h
-- Installing: /home/ert/code/.venv/lib/python3.13/site-packages/include/eigen3/unsupported/Eigen/src/LevenbergMarquardt/LMcovar.h
-- Installing: /home/ert/code/.venv/lib/python3.13/site-packages/include/eigen3/unsupported/Eigen/src/LevenbergMarquardt/LMonestep.h
-- Installing: /home/ert/code/.venv/lib/python3.13/site-packages/include/eigen3/unsupported/Eigen/src/LevenbergMarquardt/LMqrsolv.h
-- Installing: /home/ert/code/.venv/lib/python3.13/site-packages/include/eigen3/unsupported/Eigen/CXX11/Tensor
-- Installing: /home/ert/code/.venv/lib/python3.13/site-packages/include/eigen3/unsupported/Eigen/CXX11/TensorSymmetry
-- Installing: /home/ert/code/.venv/lib/python3.13/site-packages/include/eigen3/unsupported/Eigen/CXX11/ThreadPool
-- Up-to-date: /home/ert/code/.venv/lib/python3.13/site-packages/include/eigen3/unsupported/Eigen/CXX11/src
-- Up-to-date: /home/ert/code/.venv/lib/python3.13/site-packages/include/eigen3/unsupported/Eigen/CXX11/src/TensorSymmetry
-- Installing: /home/ert/code/.venv/lib/python3.13/site-packages/include/eigen3/unsupported/Eigen/CXX11/src/TensorSymmetry/DynamicSymmetry.h
-- Installing: /home/ert/code/.venv/lib/python3.13/site-packages/include/eigen3/unsupported/Eigen/CXX11/src/TensorSymmetry/StaticSymmetry.h
-- Installing: /home/ert/code/.venv/lib/python3.13/site-packages/include/eigen3/unsupported/Eigen/CXX11/src/TensorSymmetry/Symmetry.h
-- Up-to-date: /home/ert/code/.venv/lib/python3.13/site-packages/include/eigen3/unsupported/Eigen/CXX11/src/TensorSymmetry/util
-- Installing: /home/ert/code/.venv/lib/python3.13/site-packages/include/eigen3/unsupported/Eigen/CXX11/src/TensorSymmetry/util/TemplateGroupTheory.h
-- Up-to-date: /home/ert/code/.venv/lib/python3.13/site-packages/include/eigen3/unsupported/Eigen/CXX11/src/util
-- Installing: /home/ert/code/.venv/lib/python3.13/site-packages/include/eigen3/unsupported/Eigen/CXX11/src/util/MaxSizeVector.h
-- Installing: /home/ert/code/.venv/lib/python3.13/site-packages/include/eigen3/unsupported/Eigen/CXX11/src/util/CXX11Workarounds.h
-- Installing: /home/ert/code/.venv/lib/python3.13/site-packages/include/eigen3/unsupported/Eigen/CXX11/src/util/EmulateArray.h
-- Installing: /home/ert/code/.venv/lib/python3.13/site-packages/include/eigen3/unsupported/Eigen/CXX11/src/util/CXX11Meta.h
-- Up-to-date: /home/ert/code/.venv/lib/python3.13/site-packages/include/eigen3/unsupported/Eigen/CXX11/src/ThreadPool
-- Installing: /home/ert/code/.venv/lib/python3.13/site-packages/include/eigen3/unsupported/Eigen/CXX11/src/ThreadPool/NonBlockingThreadPool.h
-- Installing: /home/ert/code/.venv/lib/python3.13/site-packages/include/eigen3/unsupported/Eigen/CXX11/src/ThreadPool/ThreadEnvironment.h
-- Installing: /home/ert/code/.venv/lib/python3.13/site-packages/include/eigen3/unsupported/Eigen/CXX11/src/ThreadPool/ThreadCancel.h
-- Installing: /home/ert/code/.venv/lib/python3.13/site-packages/include/eigen3/unsupported/Eigen/CXX11/src/ThreadPool/Barrier.h
-- Installing: /home/ert/code/.venv/lib/python3.13/site-packages/include/eigen3/unsupported/Eigen/CXX11/src/ThreadPool/ThreadLocal.h
-- Installing: /home/ert/code/.venv/lib/python3.13/site-packages/include/eigen3/unsupported/Eigen/CXX11/src/ThreadPool/EventCount.h
-- Installing: /home/ert/code/.venv/lib/python3.13/site-packages/include/eigen3/unsupported/Eigen/CXX11/src/ThreadPool/ThreadPoolInterface.h
-- Installing: /home/ert/code/.venv/lib/python3.13/site-packages/include/eigen3/unsupported/Eigen/CXX11/src/ThreadPool/RunQueue.h
-- Installing: /home/ert/code/.venv/lib/python3.13/site-packages/include/eigen3/unsupported/Eigen/CXX11/src/ThreadPool/ThreadYield.h
-- Up-to-date: /home/ert/code/.venv/lib/python3.13/site-packages/include/eigen3/unsupported/Eigen/CXX11/src/Tensor
-- Installing: /home/ert/code/.venv/lib/python3.13/site-packages/include/eigen3/unsupported/Eigen/CXX11/src/Tensor/TensorScanSycl.h
-- Installing: /home/ert/code/.venv/lib/python3.13/site-packages/include/eigen3/unsupported/Eigen/CXX11/src/Tensor/TensorTrace.h
-- Installing: /home/ert/code/.venv/lib/python3.13/site-packages/include/eigen3/unsupported/Eigen/CXX11/src/Tensor/TensorEvalTo.h
-- Installing: /home/ert/code/.venv/lib/python3.13/site-packages/include/eigen3/unsupported/Eigen/CXX11/src/Tensor/TensorConversion.h
-- Installing: /home/ert/code/.venv/lib/python3.13/site-packages/include/eigen3/unsupported/Eigen/CXX11/src/Tensor/TensorPatch.h
-- Installing: /home/ert/code/.venv/lib/python3.13/site-packages/include/eigen3/unsupported/Eigen/CXX11/src/Tensor/TensorLayoutSwap.h
-- Installing: /home/ert/code/.venv/lib/python3.13/site-packages/include/eigen3/unsupported/Eigen/CXX11/src/Tensor/TensorForcedEval.h
-- Installing: /home/ert/code/.venv/lib/python3.13/site-packages/include/eigen3/unsupported/Eigen/CXX11/src/Tensor/TensorStorage.h
-- Installing: /home/ert/code/.venv/lib/python3.13/site-packages/include/eigen3/unsupported/Eigen/CXX11/src/Tensor/TensorConvolutionSycl.h
-- Installing: /home/ert/code/.venv/lib/python3.13/site-packages/include/eigen3/unsupported/Eigen/CXX11/src/Tensor/TensorExpr.h
-- Installing: /home/ert/code/.venv/lib/python3.13/site-packages/include/eigen3/unsupported/Eigen/CXX11/src/Tensor/TensorRef.h
-- Installing: /home/ert/code/.venv/lib/python3.13/site-packages/include/eigen3/unsupported/Eigen/CXX11/src/Tensor/TensorFFT.h
-- Installing: /home/ert/code/.venv/lib/python3.13/site-packages/include/eigen3/unsupported/Eigen/CXX11/src/Tensor/TensorDeviceThreadPool.h
-- Installing: /home/ert/code/.venv/lib/python3.13/site-packages/include/eigen3/unsupported/Eigen/CXX11/src/Tensor/TensorContractionGpu.h
-- Installing: /home/ert/code/.venv/lib/python3.13/site-packages/include/eigen3/unsupported/Eigen/CXX11/src/Tensor/TensorContraction.h
-- Installing: /home/ert/code/.venv/lib/python3.13/site-packages/include/eigen3/unsupported/Eigen/CXX11/src/Tensor/TensorContractionBlocking.h
-- Installing: /home/ert/code/.venv/lib/python3.13/site-packages/include/eigen3/unsupported/Eigen/CXX11/src/Tensor/TensorForwardDeclarations.h
-- Installing: /home/ert/code/.venv/lib/python3.13/site-packages/include/eigen3/unsupported/Eigen/CXX11/src/Tensor/TensorDevice.h
-- Installing: /home/ert/code/.venv/lib/python3.13/site-packages/include/eigen3/unsupported/Eigen/CXX11/src/Tensor/TensorContractionSycl.h
-- Installing: /home/ert/code/.venv/lib/python3.13/site-packages/include/eigen3/unsupported/Eigen/CXX11/src/Tensor/TensorIntDiv.h
-- Installing: /home/ert/code/.venv/lib/python3.13/site-packages/include/eigen3/unsupported/Eigen/CXX11/src/Tensor/TensorTraits.h
-- Installing: /home/ert/code/.venv/lib/python3.13/site-packages/include/eigen3/unsupported/Eigen/CXX11/src/Tensor/Tensor.h
-- Installing: /home/ert/code/.venv/lib/python3.13/site-packages/include/eigen3/unsupported/Eigen/CXX11/src/Tensor/TensorExecutor.h
-- Installing: /home/ert/code/.venv/lib/python3.13/site-packages/include/eigen3/unsupported/Eigen/CXX11/src/Tensor/TensorDimensionList.h
-- Installing: /home/ert/code/.venv/lib/python3.13/site-packages/include/eigen3/unsupported/Eigen/CXX11/src/Tensor/TensorScan.h
-- Installing: /home/ert/code/.venv/lib/python3.13/site-packages/include/eigen3/unsupported/Eigen/CXX11/src/Tensor/TensorGlobalFunctions.h
-- Installing: /home/ert/code/.venv/lib/python3.13/site-packages/include/eigen3/unsupported/Eigen/CXX11/src/Tensor/TensorMacros.h
-- Installing: /home/ert/code/.venv/lib/python3.13/site-packages/include/eigen3/unsupported/Eigen/CXX11/src/Tensor/TensorChipping.h
-- Installing: /home/ert/code/.venv/lib/python3.13/site-packages/include/eigen3/unsupported/Eigen/CXX11/src/Tensor/TensorInflation.h
-- Installing: /home/ert/code/.venv/lib/python3.13/site-packages/include/eigen3/unsupported/Eigen/CXX11/src/Tensor/TensorVolumePatch.h
-- Installing: /home/ert/code/.venv/lib/python3.13/site-packages/include/eigen3/unsupported/Eigen/CXX11/src/Tensor/TensorGenerator.h
-- Installing: /home/ert/code/.venv/lib/python3.13/site-packages/include/eigen3/unsupported/Eigen/CXX11/src/Tensor/TensorMap.h
-- Installing: /home/ert/code/.venv/lib/python3.13/site-packages/include/eigen3/unsupported/Eigen/CXX11/src/Tensor/TensorImagePatch.h
-- Installing: /home/ert/code/.venv/lib/python3.13/site-packages/include/eigen3/unsupported/Eigen/CXX11/src/Tensor/TensorRandom.h
-- Installing: /home/ert/code/.venv/lib/python3.13/site-packages/include/eigen3/unsupported/Eigen/CXX11/src/Tensor/TensorContractionMapper.h
-- Installing: /home/ert/code/.venv/lib/python3.13/site-packages/include/eigen3/unsupported/Eigen/CXX11/src/Tensor/TensorDeviceCuda.h
-- Installing: /home/ert/code/.venv/lib/python3.13/site-packages/include/eigen3/unsupported/Eigen/CXX11/src/Tensor/TensorMorphing.h
-- Installing: /home/ert/code/.venv/lib/python3.13/site-packages/include/eigen3/unsupported/Eigen/CXX11/src/Tensor/TensorGpuHipCudaDefines.h
-- Installing: /home/ert/code/.venv/lib/python3.13/site-packages/include/eigen3/unsupported/Eigen/CXX11/src/Tensor/TensorMeta.h
-- Installing: /home/ert/code/.venv/lib/python3.13/site-packages/include/eigen3/unsupported/Eigen/CXX11/src/Tensor/TensorReductionGpu.h
-- Installing: /home/ert/code/.venv/lib/python3.13/site-packages/include/eigen3/unsupported/Eigen/CXX11/src/Tensor/TensorStriding.h
-- Installing: /home/ert/code/.venv/lib/python3.13/site-packages/include/eigen3/unsupported/Eigen/CXX11/src/Tensor/TensorBase.h
-- Installing: /home/ert/code/.venv/lib/python3.13/site-packages/include/eigen3/unsupported/Eigen/CXX11/src/Tensor/TensorEvaluator.h
-- Installing: /home/ert/code/.venv/lib/python3.13/site-packages/include/eigen3/unsupported/Eigen/CXX11/src/Tensor/TensorInitializer.h
-- Installing: /home/ert/code/.venv/lib/python3.13/site-packages/include/eigen3/unsupported/Eigen/CXX11/src/Tensor/TensorReductionCuda.h
-- Installing: /home/ert/code/.venv/lib/python3.13/site-packages/include/eigen3/unsupported/Eigen/CXX11/src/Tensor/TensorReduction.h
-- Installing: /home/ert/code/.venv/lib/python3.13/site-packages/include/eigen3/unsupported/Eigen/CXX11/src/Tensor/TensorFunctors.h
-- Installing: /home/ert/code/.venv/lib/python3.13/site-packages/include/eigen3/unsupported/Eigen/CXX11/src/Tensor/TensorBroadcasting.h
-- Installing: /home/ert/code/.venv/lib/python3.13/site-packages/include/eigen3/unsupported/Eigen/CXX11/src/Tensor/TensorFixedSize.h
-- Installing: /home/ert/code/.venv/lib/python3.13/site-packages/include/eigen3/unsupported/Eigen/CXX11/src/Tensor/TensorArgMax.h
-- Installing: /home/ert/code/.venv/lib/python3.13/site-packages/include/eigen3/unsupported/Eigen/CXX11/src/Tensor/TensorShuffling.h
-- Installing: /home/ert/code/.venv/lib/python3.13/site-packages/include/eigen3/unsupported/Eigen/CXX11/src/Tensor/TensorDimensions.h
-- Installing: /home/ert/code/.venv/lib/python3.13/site-packages/include/eigen3/unsupported/Eigen/CXX11/src/Tensor/TensorGpuHipCudaUndefines.h
-- Installing: /home/ert/code/.venv/lib/python3.13/site-packages/include/eigen3/unsupported/Eigen/CXX11/src/Tensor/TensorUInt128.h
-- Installing: /home/ert/code/.venv/lib/python3.13/site-packages/include/eigen3/unsupported/Eigen/CXX11/src/Tensor/TensorCustomOp.h
-- Installing: /home/ert/code/.venv/lib/python3.13/site-packages/include/eigen3/unsupported/Eigen/CXX11/src/Tensor/TensorIndexList.h
-- Installing: /home/ert/code/.venv/lib/python3.13/site-packages/include/eigen3/unsupported/Eigen/CXX11/src/Tensor/TensorConvolution.h
-- Installing: /home/ert/code/.venv/lib/python3.13/site-packages/include/eigen3/unsupported/Eigen/CXX11/src/Tensor/TensorReductionSycl.h
-- Installing: /home/ert/code/.venv/lib/python3.13/site-packages/include/eigen3/unsupported/Eigen/CXX11/src/Tensor/TensorConcatenation.h
-- Installing: /home/ert/code/.venv/lib/python3.13/site-packages/include/eigen3/unsupported/Eigen/CXX11/src/Tensor/TensorDeviceGpu.h
-- Installing: /home/ert/code/.venv/lib/python3.13/site-packages/include/eigen3/unsupported/Eigen/CXX11/src/Tensor/TensorContractionCuda.h
-- Installing: /home/ert/code/.venv/lib/python3.13/site-packages/include/eigen3/unsupported/Eigen/CXX11/src/Tensor/TensorBlock.h
-- Installing: /home/ert/code/.venv/lib/python3.13/site-packages/include/eigen3/unsupported/Eigen/CXX11/src/Tensor/TensorPadding.h
-- Installing: /home/ert/code/.venv/lib/python3.13/site-packages/include/eigen3/unsupported/Eigen/CXX11/src/Tensor/TensorCostModel.h
-- Installing: /home/ert/code/.venv/lib/python3.13/site-packages/include/eigen3/unsupported/Eigen/CXX11/src/Tensor/TensorIO.h
-- Installing: /home/ert/code/.venv/lib/python3.13/site-packages/include/eigen3/unsupported/Eigen/CXX11/src/Tensor/TensorReverse.h
-- Installing: /home/ert/code/.venv/lib/python3.13/site-packages/include/eigen3/unsupported/Eigen/CXX11/src/Tensor/TensorContractionThreadPool.h
-- Installing: /home/ert/code/.venv/lib/python3.13/site-packages/include/eigen3/unsupported/Eigen/CXX11/src/Tensor/TensorDeviceSycl.h
-- Installing: /home/ert/code/.venv/lib/python3.13/site-packages/include/eigen3/unsupported/Eigen/CXX11/src/Tensor/TensorDeviceDefault.h
-- Installing: /home/ert/code/.venv/lib/python3.13/site-packages/include/eigen3/unsupported/Eigen/CXX11/src/Tensor/TensorAssign.h
-- Up-to-date: /home/ert/code/.venv/lib/python3.13/site-packages/vmecpp/cpp/./_vmecpp.cpython-313-x86_64-linux-gnu.so
-- Installing: /home/ert/code/.venv/lib/python3.13/site-packages/vmecpp/cpp/third_party/indata2json/indata2json
Running cmake --build & --install in /home/ert/code/vmecpp/upstream-vmecpp-test/build
vmecpp location: /home/ert/code/vmecpp/upstream-vmecpp-test/src/vmecpp/__init__.py


Running test script...
Starting test script at Wed Jul 16 11:42:40 CEST 2025
Testing vmecpp
==============

Running cmake --build & --install in /home/ert/code/vmecpp/upstream-vmecpp-test/build
Running pre-commit checks...
==========================
ruff-format..............................................................Passed
ruff.....................................................................Passed
blacken-docs.............................................................Passed
docformatter.............................................................Passed
check for added large files..............................................Passed
check for case conflicts.................................................Passed
check for merge conflicts................................................Passed
check for broken symlinks............................(no files to check)Skipped
check yaml...............................................................Passed
debug statements (python)................................................Passed
fix end of files.........................................................Passed
mixed line ending........................................................Passed
python tests naming......................................................Passed
fix requirements.txt.................................(no files to check)Skipped
trim trailing whitespace.................................................Passed
clang-format.............................................................Passed
pyright..................................................................Failed
- hook id: pyright
- exit code: 1

/home/ert/code/vmecpp/upstream-vmecpp-test/examples/mpi_finite_difference.py
  /home/ert/code/vmecpp/upstream-vmecpp-test/examples/mpi_finite_difference.py:68:16 - error: No overloads for "vstack" match the provided arguments (reportCallIssue)
  /home/ert/code/vmecpp/upstream-vmecpp-test/examples/mpi_finite_difference.py:68:26 - error: Argument of type "list[Any] | None" cannot be assigned to parameter "tup" of type "Sequence[ArrayLike]" in function "vstack"
    Type "list[Any] | None" is not assignable to type "Sequence[ArrayLike]"
      "None" is not assignable to "Sequence[ArrayLike]" (reportArgumentType)
/home/ert/code/vmecpp/upstream-vmecpp-test/examples/plot_plasma_boundary.py
  /home/ert/code/vmecpp/upstream-vmecpp-test/examples/plot_plasma_boundary.py:75:8 - error: Cannot access attribute "plot_surface" for class "Axes"
    Attribute "plot_surface" is unknown (reportAttributeAccessIssue)
/home/ert/code/vmecpp/upstream-vmecpp-test/examples/simsopt_qh_fixed_resolution.py
  /home/ert/code/vmecpp/upstream-vmecpp-test/examples/simsopt_qh_fixed_resolution.py:47:40 - error: Argument of type "list[tuple[() -> float, Literal[7], Literal[1]] | tuple[() -> Unknown, Literal[0], Literal[1]]]" cannot be assigned to parameter "tuples" of type "Sequence[Tuple[(...) -> Unknown, Real, Real]]" in function "from_tuples"
    "Literal[7]" is not assignable to "Real"
    "Literal[1]" is not assignable to "Real"
    "Literal[0]" is not assignable to "Real"
    "Literal[1]" is not assignable to "Real" (reportArgumentType)
/home/ert/code/vmecpp/upstream-vmecpp-test/tests/test_util.py
  /home/ert/code/vmecpp/upstream-vmecpp-test/tests/test_util.py:77:9 - error: Argument of type "list[list[int]]" cannot be assigned to parameter "coefficients" of type "ndarray[_AnyShape, dtype[Any]]" in function "dense_to_sparse_coefficients"
    "list[list[int]]" is not assignable to "ndarray[_AnyShape, dtype[Any]]" (reportArgumentType)
5 errors, 0 warnings, 0 informations
WARNING: there is a new pyright version available (v1.1.400 -> v1.1.403).
Please install the new version or set PYRIGHT_PYTHON_FORCE_VERSION to `latest`

Warning: Some pre-commit checks failed. Check output above.
Continuing with tests...

Running Python tests...
======================
============================= test session starts ==============================
platform linux -- Python 3.13.5, pytest-8.3.5, pluggy-1.6.0
rootdir: /home/ert/code/vmecpp/upstream-vmecpp-test
configfile: pyproject.toml
plugins: pytest_time-0.4.1, anyio-4.9.0, jaxtyping-0.3.2
collected 122 items

tests/cpp/vmecpp/simsopt_compat/test_indata_to_surfacerzfourier.py .     [  0%]
tests/cpp/vmecpp/vmec/pybind11/test_pybind_vmec.py .....                 [  4%]
tests/test_free_boundary.py .......                                      [ 10%]
tests/test_init.py ...........................                           [ 32%]
tests/test_pydantic_numpy.py .............................               [ 56%]
tests/test_simsopt_compat.py .....................................F      [ 87%]
tests/test_simsopt_vmec_ported.py ..s....                                [ 93%]
tests/test_util.py ........                                              [100%]

=================================== FAILURES ===================================
_________________ test_ensure_vmec2000_input_from_vmecpp_input _________________

    def test_ensure_vmec2000_input_from_vmecpp_input():
        # we only install VMEC2000 on Ubu 22.04, not on MacOS and Ubuntu 24.04
        pytest.importorskip("vmec")

        vmecpp_input_file = TEST_DATA_DIR / "cma.json"

        with ensure_vmec2000_input(vmecpp_input_file) as converted_indata_file:
>           vmec2000 = simsopt_mhd.Vmec(str(converted_indata_file))

tests/test_simsopt_compat.py:168:
_ _ _ _ _ _ _ _ _ _ _ _ _ _ _ _ _ _ _ _ _ _ _ _ _ _ _ _ _ _ _ _ _ _ _ _ _ _ _ _
../../.venv/lib/python3.13/site-packages/simsopt/mhd/vmec.py:361: in __init__
    self._boundary.rc[m, n + vi.ntor] = vi.rbc[101 + n, m]
_ _ _ _ _ _ _ _ _ _ _ _ _ _ _ _ _ _ _ _ _ _ _ _ _ _ _ _ _ _ _ _ _ _ _ _ _ _ _ _

self = <vmec.vmec.Vmec_Input object at 0x7fe72203c2f0>

    @property
    def rbc(self):
        """
        Element rbc ftype=real(rprec) pytype=float


        Defined at \
            /home/ert/code/benchmark_vmec/vmec_repos/VMEC2000/python/fortran_src/vmec_input.f \
            line 21

        """
        array_ndim, array_type, array_shape, array_handle = \
>           _vmec.f90wrap_vmec_input__array__rbc(f90wrap.runtime.empty_handle)
E       ValueError: _vmec._vmec.f90wrap_vmec_input__array__rbc: failed to create array from the 1st argument `dummy_this` -- 0-th dimension must be fixed to 2 but got 4

../../.venv/lib/python3.13/site-packages/vmec/vmec.py:666: ValueError
=========================== short test summary info ============================
FAILED tests/test_simsopt_compat.py::test_ensure_vmec2000_input_from_vmecpp_input
=================== 1 failed, 120 passed, 1 skipped in 8.51s ===================
 - - - - - - - - - - - - - - - - - - - - - - - - - - - - - - - - -
  SEQ =    1 TIME SLICE  0.0000E+00
  PROCESSING INPUT.cma
  THIS IS PARVMEC (PARALLEL VMEC), VERSION 9.0
  Lambda: Full Radial Mesh. L-Force: hybrid full/half.

  COMPUTER:    OS:    RELEASE:   DATE = Jul 16,2025  TIME = 11:42:55
